<?xml version="1.0" encoding="utf-8"?>
<TestRun id="f5daf40f-b9cc-4707-867d-e93462b71de2" name="Vahe@DESKTOP-NU2PNLJ 2026-08-31 04:13:35" runUser="DESKTOP-NU2PNLJ\Vahe" xmlns="http://microsoft.com/schemas/VisualStudio/TeamTest/2010">
  <Times creation="2026-08-31T04:13:35.4549833+04:00" queuing="2026-08-31T04:13:35.4549839+04:00" start="2026-08-31T04:13:31.7287985+04:00" finish="2026-08-31T04:13:35.5098991+04:00" />
  <TestSettings name="default" id="5bcd2271-01da-46bc-b9b5-7a955ab97f09">
    <Deployment runDeploymentRoot="Vahe_DESKTOP-NU2PNLJ_2026-08-31_04_13_35" />
  </TestSettings>
  <Results>
    <UnitTestResult executionId="d2bd3ace-3ae7-47c3-b03c-e8d40669f534" testId="b494963a-e778-c631-948f-80ff7d19f3be" testName="CodePrintManager.Data.Tests.UnitTest1.Test1" computerName="DESKTOP-NU2PNLJ" duration="00:00:00.0055074" startTime="2026-08-31T04:13:35.1399173+04:00" endTime="2026-08-31T04:13:35.1399785+04:00" testType="13cdc9d9-ddb5-4fa4-a97d-d965ccfc6d4b" outcome="Passed" testListId="8c84fa94-04c1-424b-9868-57a2d4851a1d" relativeResultsDirectory="d2bd3ace-3ae7-47c3-b03c-e8d40669f534" />
  </Results>
  <TestDefinitions>
    <UnitTest name="CodePrintManager.Data.Tests.UnitTest1.Test1" storage="c:\users\vahe\cascadeprojects\datamatrix-print-service\application\tests\codeprintmanager.data.tests\bin\debug\net8.0\codeprintmanager.data.tests.dll" id="b494963a-e778-c631-948f-80ff7d19f3be">
      <Execution id="d2bd3ace-3ae7-47c3-b03c-e8d40669f534" />
      <TestMethod codeBase="C:\Users\Vahe\CascadeProjects\datamatrix-print-service\application\tests\CodePrintManager.Data.Tests\bin\Debug\net8.0\CodePrintManager.Data.Tests.dll" adapterTypeName="executor://xunit/VsTestRunner2/netcoreapp" className="CodePrintManager.Data.Tests.UnitTest1" name="Test1" />
    </UnitTest>
  </TestDefinitions>
  <TestEntries>
    <TestEntry testId="b494963a-e778-c631-948f-80ff7d19f3be" executionId="d2bd3ace-3ae7-47c3-b03c-e8d40669f534" testListId="8c84fa94-04c1-424b-9868-57a2d4851a1d" />
  </TestEntries>
  <TestLists>
    <TestList name="Results Not in a List" id="8c84fa94-04c1-424b-9868-57a2d4851a1d" />
    <TestList name="All Loaded Results" id="19431567-8539-422a-85d7-44ee4e166bda" />
  </TestLists>
  <ResultSummary outcome="Completed">
    <Counters total="1" executed="1" passed="1" failed="0" error="0" timeout="0" aborted="0" inconclusive="0" passedButRunAborted="0" notRunnable="0" notExecuted="0" disconnected="0" warning="0" completed="0" inProgress="0" pending="0" />
    <Output>
      <StdOut>[xUnit.net 00:00:00.00] xUnit.net VSTest Adapter v2.5.3.1+6b60a9e56a (64-bit .NET 8.0.29)&#xD;
[xUnit.net 00:00:00.44]   Discovering: CodePrintManager.Data.Tests&#xD;
[xUnit.net 00:00:00.59]   Discovered:  CodePrintManager.Data.Tests&#xD;
[xUnit.net 00:00:00.62]   Starting:    CodePrintManager.Data.Tests&#xD;
[xUnit.net 00:00:01.34]   Finished:    CodePrintManager.Data.Tests&#xD;
</StdOut>
    </Output>
  </ResultSummary>
</TestRun>