<?xml version="1.0" encoding="utf-8"?>
<TestRun id="d9991194-77a8-49ae-9ec6-64469c46631b" name="Vahe@DESKTOP-NU2PNLJ 2026-08-31 04:13:33" runUser="DESKTOP-NU2PNLJ\Vahe" xmlns="http://microsoft.com/schemas/VisualStudio/TeamTest/2010">
  <Times creation="2026-08-31T04:13:33.0956640+04:00" queuing="2026-08-31T04:13:33.0956645+04:00" start="2026-08-31T04:13:29.5877494+04:00" finish="2026-08-31T04:13:48.9820893+04:00" />
  <TestSettings name="default" id="2b0b1065-77cb-4a83-85b4-e573f4b87923">
    <Deployment runDeploymentRoot="Vahe_DESKTOP-NU2PNLJ_2026-08-31_04_13_33" />
  </TestSettings>
  <Results>
    <UnitTestResult executionId="6f1cf324-d899-4303-9768-1a7680b86183" testId="1ca7d60c-5898-767a-567b-4c1796a6323c" testName="CodePrintManager.Application.Tests.PrintersViewModelTests.ConfirmAddPrinter_AdapterType_SavesCorrectly" computerName="DESKTOP-NU2PNLJ" duration="00:00:00.0074919" startTime="2026-08-31T04:13:46.0386965+04:00" endTime="2026-08-31T04:13:46.0386968+04:00" testType="13cdc9d9-ddb5-4fa4-a97d-d965ccfc6d4b" outcome="Passed" testListId="8c84fa94-04c1-424b-9868-57a2d4851a1d" relativeResultsDirectory="6f1cf324-d899-4303-9768-1a7680b86183" />
    <UnitTestResult executionId="ee88f2fc-15ba-45f4-9108-e6ad0cdd933f" testId="fae10b3e-0881-738c-0054-bc0cad9fd737" testName="CodePrintManager.Application.Tests.ProductsViewModelTests.LoadProducts_PopulatesTreeFromService" computerName="DESKTOP-NU2PNLJ" duration="00:00:00.0066355" startTime="2026-08-31T04:13:39.7680187+04:00" endTime="2026-08-31T04:13:39.7680194+04:00" testType="13cdc9d9-ddb5-4fa4-a97d-d965ccfc6d4b" outcome="Passed" testListId="8c84fa94-04c1-424b-9868-57a2d4851a1d" relativeResultsDirectory="ee88f2fc-15ba-45f4-9108-e6ad0cdd933f" />
    <UnitTestResult executionId="856de754-3c4e-4b63-89a5-898efc39389d" testId="93939f20-b4d6-f4dd-087c-e0bfa215d3a1" testName="CodePrintManager.Application.Tests.ProductsViewModelTests.ActivityHistory_JobError_ShowsRedType" computerName="DESKTOP-NU2PNLJ" duration="00:00:00.2184909" startTime="2026-08-31T04:13:39.9866873+04:00" endTime="2026-08-31T04:13:39.9866876+04:00" testType="13cdc9d9-ddb5-4fa4-a97d-d965ccfc6d4b" outcome="Passed" testListId="8c84fa94-04c1-424b-9868-57a2d4851a1d" relativeResultsDirectory="856de754-3c4e-4b63-89a5-898efc39389d" />
    <UnitTestResult executionId="d6c47bf1-ad3f-407a-b158-635682e3e6c1" testId="07621717-ff2c-174f-af48-29df2a93660c" testName="CodePrintManager.Application.Tests.ProductsViewModelTests.AddProduct_AfterCreate_ClearsAllFields" computerName="DESKTOP-NU2PNLJ" duration="00:00:00.0026257" startTime="2026-08-31T04:13:44.1107255+04:00" endTime="2026-08-31T04:13:44.1107258+04:00" testType="13cdc9d9-ddb5-4fa4-a97d-d965ccfc6d4b" outcome="Passed" testListId="8c84fa94-04c1-424b-9868-57a2d4851a1d" relativeResultsDirectory="d6c47bf1-ad3f-407a-b158-635682e3e6c1" />
    <UnitTestResult executionId="b995b4cf-3fa9-4862-a840-c4091f29d467" testId="d473e81b-2edb-d294-ec5b-b3756988693c" testName="CodePrintManager.Application.Tests.PrintersViewModelTests.ShowAddPrinter_OpensForm" computerName="DESKTOP-NU2PNLJ" duration="00:00:00.0016801" startTime="2026-08-31T04:13:48.3966710+04:00" endTime="2026-08-31T04:13:48.3966714+04:00" testType="13cdc9d9-ddb5-4fa4-a97d-d965ccfc6d4b" outcome="Passed" testListId="8c84fa94-04c1-424b-9868-57a2d4851a1d" relativeResultsDirectory="b995b4cf-3fa9-4862-a840-c4091f29d467" />
    <UnitTestResult executionId="9e909f1a-260d-4461-84ee-f631886cd20e" testId="fd585bb1-21f9-3510-e259-eaaee08b6fb2" testName="CodePrintManager.Application.Tests.PrintersViewModelTests.DeleteSelectedFiles_CanExecute_RequiresConnected" computerName="DESKTOP-NU2PNLJ" duration="00:00:00.1069561" startTime="2026-08-31T04:13:40.7218468+04:00" endTime="2026-08-31T04:13:40.7218474+04:00" testType="13cdc9d9-ddb5-4fa4-a97d-d965ccfc6d4b" outcome="Passed" testListId="8c84fa94-04c1-424b-9868-57a2d4851a1d" relativeResultsDirectory="9e909f1a-260d-4461-84ee-f631886cd20e" />
    <UnitTestResult executionId="b964cdd3-0ef1-4e5e-8112-869d021513de" testId="9a7b2889-b0b3-5569-bba0-5812514521bf" testName="CodePrintManager.Application.Tests.PrintersViewModelTests.F6_DeletePrinter_RequiresConfirmation" computerName="DESKTOP-NU2PNLJ" duration="00:00:00.1299825" startTime="2026-08-31T04:13:40.4027799+04:00" endTime="2026-08-31T04:13:40.4027804+04:00" testType="13cdc9d9-ddb5-4fa4-a97d-d965ccfc6d4b" outcome="Passed" testListId="8c84fa94-04c1-424b-9868-57a2d4851a1d" relativeResultsDirectory="b964cdd3-0ef1-4e5e-8112-869d021513de" />
    <UnitTestResult executionId="391dd70a-9a1a-43a5-8731-bc8489691b0e" testId="2c9ff7e7-c1d8-ad61-9a0b-a3f13ea82ce0" testName="CodePrintManager.Application.Tests.ProductsViewModelTests.Deselect_ThenAddFolder_CreatesAtRoot" computerName="DESKTOP-NU2PNLJ" duration="00:00:00.1267647" startTime="2026-08-31T04:13:37.3580408+04:00" endTime="2026-08-31T04:13:37.3580419+04:00" testType="13cdc9d9-ddb5-4fa4-a97d-d965ccfc6d4b" outcome="Passed" testListId="8c84fa94-04c1-424b-9868-57a2d4851a1d" relativeResultsDirectory="391dd70a-9a1a-43a5-8731-bc8489691b0e" />
    <UnitTestResult executionId="21d9ab30-2a0a-47ee-8b30-96cd0c8e0e46" testId="9cb84248-b417-f8cc-3985-7abb0b3254cc" testName="CodePrintManager.Application.Tests.PrintersViewModelTests.F10_DisconnectCommand_WhenOffline_IsDisabled" computerName="DESKTOP-NU2PNLJ" duration="00:00:00.1050291" startTime="2026-08-31T04:13:40.5080672+04:00" endTime="2026-08-31T04:13:40.5080677+04:00" testType="13cdc9d9-ddb5-4fa4-a97d-d965ccfc6d4b" outcome="Passed" testListId="8c84fa94-04c1-424b-9868-57a2d4851a1d" relativeResultsDirectory="21d9ab30-2a0a-47ee-8b30-96cd0c8e0e46" />
    <UnitTestResult executionId="c83a4add-8aa9-4f94-901d-dd9abe73f32d" testId="5ff9c51a-bcee-f0ee-83ab-7f77db72592c" testName="CodePrintManager.Application.Tests.ProductsViewModelTests.NewJob_NothingSelected_DoesNotFire" computerName="DESKTOP-NU2PNLJ" duration="00:00:00.0035227" startTime="2026-08-31T04:13:38.7647298+04:00" endTime="2026-08-31T04:13:38.7647301+04:00" testType="13cdc9d9-ddb5-4fa4-a97d-d965ccfc6d4b" outcome="Passed" testListId="8c84fa94-04c1-424b-9868-57a2d4851a1d" relativeResultsDirectory="c83a4add-8aa9-4f94-901d-dd9abe73f32d" />
    <UnitTestResult executionId="0763513e-473e-4a97-9f25-fde24011cbaa" testId="f0c1eaee-b0f4-756c-cd3a-98fa1b12a1ed" testName="CodePrintManager.Application.Tests.PrintersViewModelTests.DeletePrinter_NoPrinterSelected_DoesNothing" computerName="DESKTOP-NU2PNLJ" duration="00:00:04.4118700" startTime="2026-08-31T04:13:37.0557640+04:00" endTime="2026-08-31T04:13:37.0557646+04:00" testType="13cdc9d9-ddb5-4fa4-a97d-d965ccfc6d4b" outcome="Passed" testListId="8c84fa94-04c1-424b-9868-57a2d4851a1d" relativeResultsDirectory="0763513e-473e-4a97-9f25-fde24011cbaa" />
    <UnitTestResult executionId="f3722cc4-4e8f-4bdf-9b7c-da82bd5868b1" testId="542cf302-efa5-9050-6c6c-93552073a251" testName="CodePrintManager.Application.Tests.PrintersViewModelTests.VerifyResultItem_Warning_Icon" computerName="DESKTOP-NU2PNLJ" duration="00:00:00.0013247" startTime="2026-08-31T04:13:48.1626557+04:00" endTime="2026-08-31T04:13:48.1626562+04:00" testType="13cdc9d9-ddb5-4fa4-a97d-d965ccfc6d4b" outcome="Passed" testListId="8c84fa94-04c1-424b-9868-57a2d4851a1d" relativeResultsDirectory="f3722cc4-4e8f-4bdf-9b7c-da82bd5868b1" />
    <UnitTestResult executionId="89d4d3e3-b540-4a6e-8da1-cb728d8e6a46" testId="152cb798-744f-2cc6-da34-0f493df8aaf2" testName="CodePrintManager.Application.Tests.PrintersViewModelTests.DeleteSelectedFiles_NoPrinter_CanExecute_False" computerName="DESKTOP-NU2PNLJ" duration="00:00:00.0012797" startTime="2026-08-31T04:13:45.5444360+04:00" endTime="2026-08-31T04:13:45.5444363+04:00" testType="13cdc9d9-ddb5-4fa4-a97d-d965ccfc6d4b" outcome="Passed" testListId="8c84fa94-04c1-424b-9868-57a2d4851a1d" relativeResultsDirectory="89d4d3e3-b540-4a6e-8da1-cb728d8e6a46" />
    <UnitTestResult executionId="d2c98d1c-e370-494a-a5cd-b9036aa28419" testId="56209c67-d1d7-bfd6-2983-1e016f0f62f8" testName="CodePrintManager.Application.Tests.PrintersViewModelTests.F3_DeletePrinter_HasPausedJob_Blocked" computerName="DESKTOP-NU2PNLJ" duration="00:00:00.1089440" startTime="2026-08-31T04:13:46.8667303+04:00" endTime="2026-08-31T04:13:46.8667306+04:00" testType="13cdc9d9-ddb5-4fa4-a97d-d965ccfc6d4b" outcome="Passed" testListId="8c84fa94-04c1-424b-9868-57a2d4851a1d" relativeResultsDirectory="d2c98d1c-e370-494a-a5cd-b9036aa28419" />
    <UnitTestResult executionId="b16ec6af-42b6-49d4-8a3e-9bf135cebd0a" testId="fd7106ef-a7c6-1082-92df-f69b401255ee" testName="CodePrintManager.Application.Tests.ProductsViewModelTests.ActivityHistory_OnlyLoadsForSelectedProductId" computerName="DESKTOP-NU2PNLJ" duration="00:00:00.2075193" startTime="2026-08-31T04:13:43.4476657+04:00" endTime="2026-08-31T04:13:43.4476663+04:00" testType="13cdc9d9-ddb5-4fa4-a97d-d965ccfc6d4b" outcome="Passed" testListId="8c84fa94-04c1-424b-9868-57a2d4851a1d" relativeResultsDirectory="b16ec6af-42b6-49d4-8a3e-9bf135cebd0a" />
    <UnitTestResult executionId="4acb685f-8767-4206-a3a1-6f3540b4c7b0" testId="5bde5547-a050-5999-fb8c-0b4da854d2dc" testName="CodePrintManager.Application.Tests.ProductsViewModelTests.ConfirmRename_RefreshesTree" computerName="DESKTOP-NU2PNLJ" duration="00:00:00.0604768" startTime="2026-08-31T04:13:42.9036106+04:00" endTime="2026-08-31T04:13:42.9036111+04:00" testType="13cdc9d9-ddb5-4fa4-a97d-d965ccfc6d4b" outcome="Passed" testListId="8c84fa94-04c1-424b-9868-57a2d4851a1d" relativeResultsDirectory="4acb685f-8767-4206-a3a1-6f3540b4c7b0" />
    <UnitTestResult executionId="872a2e40-f9ed-4592-bbe9-66ba66f3970a" testId="407f74ef-ee8a-8cd1-2acf-00e9707e8c25" testName="CodePrintManager.Application.Tests.ProductsViewModelTests.AddFolder_NameIsTrimmed" computerName="DESKTOP-NU2PNLJ" duration="00:00:00.0031271" startTime="2026-08-31T04:13:38.5875907+04:00" endTime="2026-08-31T04:13:38.5875911+04:00" testType="13cdc9d9-ddb5-4fa4-a97d-d965ccfc6d4b" outcome="Passed" testListId="8c84fa94-04c1-424b-9868-57a2d4851a1d" relativeResultsDirectory="872a2e40-f9ed-4592-bbe9-66ba66f3970a" />
    <UnitTestResult executionId="305c4e86-ef97-4346-b453-703b38daa5df" testId="6f4f5251-0712-248f-57c2-04036b08426c" testName="CodePrintManager.Application.Tests.PrintersViewModelTests.F7_SelectPrinter_Offline_StatusIsOffline" computerName="DESKTOP-NU2PNLJ" duration="00:00:00.1545401" startTime="2026-08-31T04:13:41.1377455+04:00" endTime="2026-08-31T04:13:41.1377460+04:00" testType="13cdc9d9-ddb5-4fa4-a97d-d965ccfc6d4b" outcome="Passed" testListId="8c84fa94-04c1-424b-9868-57a2d4851a1d" relativeResultsDirectory="305c4e86-ef97-4346-b453-703b38daa5df" />
    <UnitTestResult executionId="0200035f-2284-49b2-9d16-178a96f73cc9" testId="a99f0c9e-ef77-e379-9e51-b5164b112c7b" testName="CodePrintManager.Application.Tests.PrintersViewModelTests.VerifyResultItem_Properties" computerName="DESKTOP-NU2PNLJ" duration="00:00:00.0032519" startTime="2026-08-31T04:13:38.7054694+04:00" endTime="2026-08-31T04:13:38.7054698+04:00" testType="13cdc9d9-ddb5-4fa4-a97d-d965ccfc6d4b" outcome="Passed" testListId="8c84fa94-04c1-424b-9868-57a2d4851a1d" relativeResultsDirectory="0200035f-2284-49b2-9d16-178a96f73cc9" />
    <UnitTestResult executionId="720a0b74-a418-49d3-83e8-85afc350ffc6" testId="7c824a3b-57aa-d585-abee-c391c6729ae6" testName="CodePrintManager.Application.Tests.PrintersViewModelTests.F1_ConfirmAddPrinter_WhitespaceOnlyName_CommandDisabled" computerName="DESKTOP-NU2PNLJ" duration="00:00:00.0019075" startTime="2026-08-31T04:13:46.8689865+04:00" endTime="2026-08-31T04:13:46.8689869+04:00" testType="13cdc9d9-ddb5-4fa4-a97d-d965ccfc6d4b" outcome="Passed" testListId="8c84fa94-04c1-424b-9868-57a2d4851a1d" relativeResultsDirectory="720a0b74-a418-49d3-83e8-85afc350ffc6" />
    <UnitTestResult executionId="1b655cf5-3ab4-440f-a939-2eb463638a03" testId="32fd6f9c-7487-d565-0e8a-182d3a6b4ccd" testName="CodePrintManager.Application.Tests.ProductsViewModelTests.AddProduct_TemplateAndCsvOptional" computerName="DESKTOP-NU2PNLJ" duration="00:00:00.0094463" startTime="2026-08-31T04:13:37.4949022+04:00" endTime="2026-08-31T04:13:37.4949070+04:00" testType="13cdc9d9-ddb5-4fa4-a97d-d965ccfc6d4b" outcome="Passed" testListId="8c84fa94-04c1-424b-9868-57a2d4851a1d" relativeResultsDirectory="1b655cf5-3ab4-440f-a939-2eb463638a03" />
    <UnitTestResult executionId="6334d19c-c716-4d2e-a508-2b52f7de042c" testId="de129d06-0c4a-6a88-f072-a2bdd4f3fbab" testName="CodePrintManager.Application.Tests.ProductsViewModelTests.DeleteGuard_NoSelection_DeleteDisabled" computerName="DESKTOP-NU2PNLJ" duration="00:00:00.1025446" startTime="2026-08-31T04:13:37.4847976+04:00" endTime="2026-08-31T04:13:37.4847981+04:00" testType="13cdc9d9-ddb5-4fa4-a97d-d965ccfc6d4b" outcome="Passed" testListId="8c84fa94-04c1-424b-9868-57a2d4851a1d" relativeResultsDirectory="6334d19c-c716-4d2e-a508-2b52f7de042c" />
    <UnitTestResult executionId="d4c82e31-82bc-467a-b0b2-7622ff9f2e65" testId="09678976-d297-0055-c652-1021d407e2c0" testName="CodePrintManager.Application.Tests.PrintersViewModelTests.ConfirmAddPrinter_CustomPort" computerName="DESKTOP-NU2PNLJ" duration="00:00:00.0055423" startTime="2026-08-31T04:13:42.2390829+04:00" endTime="2026-08-31T04:13:42.2390832+04:00" testType="13cdc9d9-ddb5-4fa4-a97d-d965ccfc6d4b" outcome="Passed" testListId="8c84fa94-04c1-424b-9868-57a2d4851a1d" relativeResultsDirectory="d4c82e31-82bc-467a-b0b2-7622ff9f2e65" />
    <UnitTestResult executionId="311e3cf1-12b2-422c-a304-1850d960c219" testId="35c68ae7-bb2c-4d1c-3a30-1e5869ddcd30" testName="CodePrintManager.Application.Tests.ProductsViewModelTests.AddFolder_RootLevelLeafSelected_NoParent_CreatesAtRoot" computerName="DESKTOP-NU2PNLJ" duration="00:00:00.0583527" startTime="2026-08-31T04:13:41.9238084+04:00" endTime="2026-08-31T04:13:41.9238089+04:00" testType="13cdc9d9-ddb5-4fa4-a97d-d965ccfc6d4b" outcome="Passed" testListId="8c84fa94-04c1-424b-9868-57a2d4851a1d" relativeResultsDirectory="311e3cf1-12b2-422c-a304-1850d960c219" />
    <UnitTestResult executionId="860c6232-6935-4267-9437-39aef3d9202b" testId="5cc4edb0-ca7f-d09b-1488-03a5b9b25466" testName="CodePrintManager.Application.Tests.ProductsViewModelTests.ActivityHistory_LoadsImportEvents" computerName="DESKTOP-NU2PNLJ" duration="00:00:00.2075249" startTime="2026-08-31T04:13:41.8560783+04:00" endTime="2026-08-31T04:13:41.8560788+04:00" testType="13cdc9d9-ddb5-4fa4-a97d-d965ccfc6d4b" outcome="Passed" testListId="8c84fa94-04c1-424b-9868-57a2d4851a1d" relativeResultsDirectory="860c6232-6935-4267-9437-39aef3d9202b" />
    <UnitTestResult executionId="f9eb70de-efe7-4b93-82b3-97f7fe5a3d5e" testId="f75644c1-d27a-5082-ee68-767b9020dd7e" testName="CodePrintManager.Application.Tests.ProductsViewModelTests.ShowRename_FolderSelected_Works" computerName="DESKTOP-NU2PNLJ" duration="00:00:00.0109605" startTime="2026-08-31T04:13:37.3692538+04:00" endTime="2026-08-31T04:13:37.3692544+04:00" testType="13cdc9d9-ddb5-4fa4-a97d-d965ccfc6d4b" outcome="Passed" testListId="8c84fa94-04c1-424b-9868-57a2d4851a1d" relativeResultsDirectory="f9eb70de-efe7-4b93-82b3-97f7fe5a3d5e" />
    <UnitTestResult executionId="d2eff79d-19f9-4534-8602-8565c0e1eb86" testId="4bc6f29e-616e-66e1-049c-523d9935d5cd" testName="CodePrintManager.Application.Tests.ProductsViewModelTests.ActivityHistory_UsesCompletedAtForJobDate_FallsBackToCreatedAt" computerName="DESKTOP-NU2PNLJ" duration="00:00:00.2204059" startTime="2026-08-31T04:13:42.8427374+04:00" endTime="2026-08-31T04:13:42.8427379+04:00" testType="13cdc9d9-ddb5-4fa4-a97d-d965ccfc6d4b" outcome="Passed" testListId="8c84fa94-04c1-424b-9868-57a2d4851a1d" relativeResultsDirectory="d2eff79d-19f9-4534-8602-8565c0e1eb86" />
    <UnitTestResult executionId="a7e48fba-f83a-4a0f-848c-351a32160e13" testId="421b6c92-21f9-7b2e-97dc-1d2ed61cf2e7" testName="CodePrintManager.Application.Tests.PrintersViewModelTests.VerifyPrinter_IsVerifying_TracksState" computerName="DESKTOP-NU2PNLJ" duration="00:00:00.1075688" startTime="2026-08-31T04:13:41.5798333+04:00" endTime="2026-08-31T04:13:41.5798336+04:00" testType="13cdc9d9-ddb5-4fa4-a97d-d965ccfc6d4b" outcome="Passed" testListId="8c84fa94-04c1-424b-9868-57a2d4851a1d" relativeResultsDirectory="a7e48fba-f83a-4a0f-848c-351a32160e13" />
    <UnitTestResult executionId="d1595c06-1b49-4437-b2b6-530b3c237ac5" testId="b6c66b45-3a91-0495-e992-e6264b55f29f" testName="CodePrintManager.Application.Tests.PrintersViewModelTests.DeletePrinter_DisconnectsFirst" computerName="DESKTOP-NU2PNLJ" duration="00:00:00.1097530" startTime="2026-08-31T04:13:41.8038895+04:00" endTime="2026-08-31T04:13:41.8038901+04:00" testType="13cdc9d9-ddb5-4fa4-a97d-d965ccfc6d4b" outcome="Passed" testListId="8c84fa94-04c1-424b-9868-57a2d4851a1d" relativeResultsDirectory="d1595c06-1b49-4437-b2b6-530b3c237ac5" />
    <UnitTestResult executionId="b0461c0d-1b35-4b75-91f9-41ddbeb41e77" testId="42c91f60-e253-9565-c3ae-a3013b5e3baf" testName="CodePrintManager.Application.Tests.ProductsViewModelTests.NewJob_DoesNotFireWhenZeroAvailable" computerName="DESKTOP-NU2PNLJ" duration="00:00:00.1092104" startTime="2026-08-31T04:13:40.0986682+04:00" endTime="2026-08-31T04:13:40.0986689+04:00" testType="13cdc9d9-ddb5-4fa4-a97d-d965ccfc6d4b" outcome="Passed" testListId="8c84fa94-04c1-424b-9868-57a2d4851a1d" relativeResultsDirectory="b0461c0d-1b35-4b75-91f9-41ddbeb41e77" />
    <UnitTestResult executionId="b0352879-f47a-4599-8136-b448b42cbb84" testId="f2b414c5-65b2-63fb-54e8-80b5af69a4c9" testName="CodePrintManager.Application.Tests.PrintersViewModelTests.ConfirmAddPrinter_DefaultPort" computerName="DESKTOP-NU2PNLJ" duration="00:00:00.0057259" startTime="2026-08-31T04:13:46.5160242+04:00" endTime="2026-08-31T04:13:46.5160266+04:00" testType="13cdc9d9-ddb5-4fa4-a97d-d965ccfc6d4b" outcome="Passed" testListId="8c84fa94-04c1-424b-9868-57a2d4851a1d" relativeResultsDirectory="b0352879-f47a-4599-8136-b448b42cbb84" />
    <UnitTestResult executionId="f39b2b4d-f5e4-416b-8183-5af202b8b7a1" testId="8cbf1042-ff10-29df-3eba-28881decb04f" testName="CodePrintManager.Application.Tests.PrintersViewModelTests.RefreshStorage_NoPrinter_ClearsLists" computerName="DESKTOP-NU2PNLJ" duration="00:00:00.0026981" startTime="2026-08-31T04:13:46.0313221+04:00" endTime="2026-08-31T04:13:46.0313225+04:00" testType="13cdc9d9-ddb5-4fa4-a97d-d965ccfc6d4b" outcome="Passed" testListId="8c84fa94-04c1-424b-9868-57a2d4851a1d" relativeResultsDirectory="f39b2b4d-f5e4-416b-8183-5af202b8b7a1" />
    <UnitTestResult executionId="baf95da9-be70-4212-b578-82302b1c8f45" testId="e3677438-5105-b6b0-7319-f4159319b2ae" testName="CodePrintManager.Application.Tests.ProductsViewModelTests.InitialState_AddingFlags_AreFalse" computerName="DESKTOP-NU2PNLJ" duration="00:00:00.0012650" startTime="2026-08-31T04:13:44.1065071+04:00" endTime="2026-08-31T04:13:44.1065073+04:00" testType="13cdc9d9-ddb5-4fa4-a97d-d965ccfc6d4b" outcome="Passed" testListId="8c84fa94-04c1-424b-9868-57a2d4851a1d" relativeResultsDirectory="baf95da9-be70-4212-b578-82302b1c8f45" />
    <UnitTestResult executionId="9402e93c-f2cc-4285-98ed-9f9fccf75e2a" testId="a01fbd9f-1333-9f5d-744c-f56d05c44ab0" testName="CodePrintManager.Application.Tests.PrintersViewModelTests.F8_VerifyPrinter_NotConnected_ShowsFailResult" computerName="DESKTOP-NU2PNLJ" duration="00:00:00.1069850" startTime="2026-08-31T04:13:43.9616188+04:00" endTime="2026-08-31T04:13:43.9616192+04:00" testType="13cdc9d9-ddb5-4fa4-a97d-d965ccfc6d4b" outcome="Passed" testListId="8c84fa94-04c1-424b-9868-57a2d4851a1d" relativeResultsDirectory="9402e93c-f2cc-4285-98ed-9f9fccf75e2a" />
    <UnitTestResult executionId="807eccb2-80f8-4428-8764-5e487a3b3d1b" testId="0186ae5d-db00-44d0-5fac-f6afc61933f0" testName="CodePrintManager.Application.Tests.PrintersViewModelTests.LoadPrinters_EmptyDb_EmptyList" computerName="DESKTOP-NU2PNLJ" duration="00:00:00.0044184" startTime="2026-08-31T04:13:45.6549701+04:00" endTime="2026-08-31T04:13:45.6549705+04:00" testType="13cdc9d9-ddb5-4fa4-a97d-d965ccfc6d4b" outcome="Passed" testListId="8c84fa94-04c1-424b-9868-57a2d4851a1d" relativeResultsDirectory="807eccb2-80f8-4428-8764-5e487a3b3d1b" />
    <UnitTestResult executionId="643ec8d8-d012-45f2-b5f0-c16f05f1a4f4" testId="114dbfec-3b7e-a39d-9123-990a5750267d" testName="CodePrintManager.Application.Tests.ProductsViewModelTests.ShowRename_SetsEditNameAndFlag" computerName="DESKTOP-NU2PNLJ" duration="00:00:00.0124998" startTime="2026-08-31T04:13:37.3820389+04:00" endTime="2026-08-31T04:13:37.3820392+04:00" testType="13cdc9d9-ddb5-4fa4-a97d-d965ccfc6d4b" outcome="Passed" testListId="8c84fa94-04c1-424b-9868-57a2d4851a1d" relativeResultsDirectory="643ec8d8-d012-45f2-b5f0-c16f05f1a4f4" />
    <UnitTestResult executionId="3872ac1f-177f-4e71-b719-90765596cac4" testId="db0893df-2b06-c7b5-200b-8b835a2db53c" testName="CodePrintManager.Application.Tests.ProductsViewModelTests.AddFolder_LeafSelected_CreatesAsSibling" computerName="DESKTOP-NU2PNLJ" duration="00:00:00.0579260" startTime="2026-08-31T04:13:43.2398822+04:00" endTime="2026-08-31T04:13:43.2398830+04:00" testType="13cdc9d9-ddb5-4fa4-a97d-d965ccfc6d4b" outcome="Passed" testListId="8c84fa94-04c1-424b-9868-57a2d4851a1d" relativeResultsDirectory="3872ac1f-177f-4e71-b719-90765596cac4" />
    <UnitTestResult executionId="5962e3cb-6fb4-4931-a7fe-2984c27843ef" testId="0a045845-40e4-c25c-a6bd-8be5545a6c55" testName="CodePrintManager.Application.Tests.ProductsViewModelTests.DeleteGuard_CanDelete_ButtonEnabled" computerName="DESKTOP-NU2PNLJ" duration="00:00:00.1053735" startTime="2026-08-31T04:13:42.3004210+04:00" endTime="2026-08-31T04:13:42.3004213+04:00" testType="13cdc9d9-ddb5-4fa4-a97d-d965ccfc6d4b" outcome="Passed" testListId="8c84fa94-04c1-424b-9868-57a2d4851a1d" relativeResultsDirectory="5962e3cb-6fb4-4931-a7fe-2984c27843ef" />
    <UnitTestResult executionId="0d229612-2aef-44c3-b226-34a821a08bb4" testId="c235f98d-91b4-e7b6-0195-f46b0939013c" testName="CodePrintManager.Application.Tests.ProductsViewModelTests.Deselect_ThenAddProduct_CreatesAtRoot" computerName="DESKTOP-NU2PNLJ" duration="00:00:00.1197807" startTime="2026-08-31T04:13:39.7609446+04:00" endTime="2026-08-31T04:13:39.7609451+04:00" testType="13cdc9d9-ddb5-4fa4-a97d-d965ccfc6d4b" outcome="Passed" testListId="8c84fa94-04c1-424b-9868-57a2d4851a1d" relativeResultsDirectory="0d229612-2aef-44c3-b226-34a821a08bb4" />
    <UnitTestResult executionId="6c43fcd0-18ee-4a79-8813-42cbab322d66" testId="4d380b6e-bb9d-f04b-e43d-77977dac89a5" testName="CodePrintManager.Application.Tests.ProductsViewModelTests.SelectFolder_ClearsCodePoolStats" computerName="DESKTOP-NU2PNLJ" duration="00:00:00.1089026" startTime="2026-08-31T04:13:38.4699318+04:00" endTime="2026-08-31T04:13:38.4699325+04:00" testType="13cdc9d9-ddb5-4fa4-a97d-d965ccfc6d4b" outcome="Passed" testListId="8c84fa94-04c1-424b-9868-57a2d4851a1d" relativeResultsDirectory="6c43fcd0-18ee-4a79-8813-42cbab322d66" />
    <UnitTestResult executionId="92cfcddb-e187-4962-9495-8c8535e1054e" testId="549ac3db-547f-46c9-2f72-8fc41eb380e2" testName="CodePrintManager.Application.Tests.ProductsViewModelTests.ShowAddFolder_HidesAddProductForm" computerName="DESKTOP-NU2PNLJ" duration="00:00:00.0034757" startTime="2026-08-31T04:13:38.0587046+04:00" endTime="2026-08-31T04:13:38.0587051+04:00" testType="13cdc9d9-ddb5-4fa4-a97d-d965ccfc6d4b" outcome="Passed" testListId="8c84fa94-04c1-424b-9868-57a2d4851a1d" relativeResultsDirectory="92cfcddb-e187-4962-9495-8c8535e1054e" />
    <UnitTestResult executionId="2464150a-1c4c-4487-915c-27bd5afae2c3" testId="5b659f4d-3cd3-bb35-6a52-8abfc092b743" testName="CodePrintManager.Application.Tests.PrintersViewModelTests.VerifyPrinter_OverallStatus_HasWarning" computerName="DESKTOP-NU2PNLJ" duration="00:00:00.1229320" startTime="2026-08-31T04:13:44.1951468+04:00" endTime="2026-08-31T04:13:44.1951471+04:00" testType="13cdc9d9-ddb5-4fa4-a97d-d965ccfc6d4b" outcome="Passed" testListId="8c84fa94-04c1-424b-9868-57a2d4851a1d" relativeResultsDirectory="2464150a-1c4c-4487-915c-27bd5afae2c3" />
    <UnitTestResult executionId="542d9592-b6ac-43c3-a988-79fbbef70923" testId="8a9dc637-8a04-de4a-e5f8-e16f7d98e18f" testName="CodePrintManager.Application.Tests.PrintersViewModelTests.VerifyPrinter_PrinterError_StatusFail" computerName="DESKTOP-NU2PNLJ" duration="00:00:00.1105515" startTime="2026-08-31T04:13:43.1951048+04:00" endTime="2026-08-31T04:13:43.1951052+04:00" testType="13cdc9d9-ddb5-4fa4-a97d-d965ccfc6d4b" outcome="Passed" testListId="8c84fa94-04c1-424b-9868-57a2d4851a1d" relativeResultsDirectory="542d9592-b6ac-43c3-a988-79fbbef70923" />
    <UnitTestResult executionId="2e2cc396-0665-46a7-a98e-dcfde2b8d647" testId="46d72a09-5c08-c92e-17e3-ceb2185d4480" testName="CodePrintManager.Application.Tests.ProductsViewModelTests.AddFolder_FolderSelected_CreatesAsChild" computerName="DESKTOP-NU2PNLJ" duration="00:00:00.0545582" startTime="2026-08-31T04:13:42.1945705+04:00" endTime="2026-08-31T04:13:42.1945710+04:00" testType="13cdc9d9-ddb5-4fa4-a97d-d965ccfc6d4b" outcome="Passed" testListId="8c84fa94-04c1-424b-9868-57a2d4851a1d" relativeResultsDirectory="2e2cc396-0665-46a7-a98e-dcfde2b8d647" />
    <UnitTestResult executionId="db3af9b9-7c11-4983-b480-5ffc7df4039e" testId="e5e76b30-994a-2651-6778-8f0f4a3e9210" testName="CodePrintManager.Application.Tests.PrintersViewModelTests.ConfirmAddPrinter_ValidInput_CreatesPrinter" computerName="DESKTOP-NU2PNLJ" duration="00:00:00.0078058" startTime="2026-08-31T04:13:42.1246787+04:00" endTime="2026-08-31T04:13:42.1246789+04:00" testType="13cdc9d9-ddb5-4fa4-a97d-d965ccfc6d4b" outcome="Passed" testListId="8c84fa94-04c1-424b-9868-57a2d4851a1d" relativeResultsDirectory="db3af9b9-7c11-4983-b480-5ffc7df4039e" />
    <UnitTestResult executionId="ebcab9ec-997e-4a98-ac50-a21920601dea" testId="e795e5d0-56b8-b57e-33d0-3b279f4f277d" testName="CodePrintManager.Application.Tests.PrintersViewModelTests.CancelEditPrinter_ClosesEditMode" computerName="DESKTOP-NU2PNLJ" duration="00:00:00.1056684" startTime="2026-08-31T04:13:45.6504264+04:00" endTime="2026-08-31T04:13:45.6504267+04:00" testType="13cdc9d9-ddb5-4fa4-a97d-d965ccfc6d4b" outcome="Passed" testListId="8c84fa94-04c1-424b-9868-57a2d4851a1d" relativeResultsDirectory="ebcab9ec-997e-4a98-ac50-a21920601dea" />
    <UnitTestResult executionId="af366fcb-cc9b-4bac-96d8-fbe971b9a6f1" testId="c86589a8-b117-4dee-8883-9b497d6eaffe" testName="CodePrintManager.Application.Tests.ProductsViewModelTests.CancelAdd_HidesBothForms" computerName="DESKTOP-NU2PNLJ" duration="00:00:00.0014502" startTime="2026-08-31T04:13:44.1048638+04:00" endTime="2026-08-31T04:13:44.1048641+04:00" testType="13cdc9d9-ddb5-4fa4-a97d-d965ccfc6d4b" outcome="Passed" testListId="8c84fa94-04c1-424b-9868-57a2d4851a1d" relativeResultsDirectory="af366fcb-cc9b-4bac-96d8-fbe971b9a6f1" />
    <UnitTestResult executionId="1426040c-92b0-4d85-98a1-77f9b0ae52e1" testId="eb9eee4d-874b-c275-0e3f-c7ba3fd385a7" testName="CodePrintManager.Application.Tests.PrintersViewModelTests.RefreshStorage_CsvMapping_CaseInsensitive" computerName="DESKTOP-NU2PNLJ" duration="00:00:00.2090035" startTime="2026-08-31T04:13:43.0839501+04:00" endTime="2026-08-31T04:13:43.0839506+04:00" testType="13cdc9d9-ddb5-4fa4-a97d-d965ccfc6d4b" outcome="Passed" testListId="8c84fa94-04c1-424b-9868-57a2d4851a1d" relativeResultsDirectory="1426040c-92b0-4d85-98a1-77f9b0ae52e1" />
    <UnitTestResult executionId="1d919d0f-d00f-406a-8b2b-51171f475603" testId="aa99e7cb-bcc1-3ac7-a5ea-bf4d9127e8b0" testName="CodePrintManager.Application.Tests.PrintersViewModelTests.VerifyPrinter_ActiveJob_TemplateMatch_Pass" computerName="DESKTOP-NU2PNLJ" duration="00:00:00.2320217" startTime="2026-08-31T04:13:45.8886202+04:00" endTime="2026-08-31T04:13:45.8886207+04:00" testType="13cdc9d9-ddb5-4fa4-a97d-d965ccfc6d4b" outcome="Passed" testListId="8c84fa94-04c1-424b-9868-57a2d4851a1d" relativeResultsDirectory="1d919d0f-d00f-406a-8b2b-51171f475603" />
    <UnitTestResult executionId="52b0d229-e018-4c5f-841d-4ded2bf09a8e" testId="e4b85085-e398-b577-a61e-706e6953b2a5" testName="CodePrintManager.Application.Tests.PrintersViewModelTests.DeletePrinter_Confirmed_RemovesFromDb" computerName="DESKTOP-NU2PNLJ" duration="00:00:00.1328696" startTime="2026-08-31T04:13:38.8544081+04:00" endTime="2026-08-31T04:13:38.8544087+04:00" testType="13cdc9d9-ddb5-4fa4-a97d-d965ccfc6d4b" outcome="Passed" testListId="8c84fa94-04c1-424b-9868-57a2d4851a1d" relativeResultsDirectory="52b0d229-e018-4c5f-841d-4ded2bf09a8e" />
    <UnitTestResult executionId="d1e490fe-5f58-4b7a-93bd-6b51d50cd333" testId="8337dfe2-8439-6dad-c308-01325c399d8a" testName="CodePrintManager.Application.Tests.PrintersViewModelTests.NewJob_PrinterOffline_CommandDisabled" computerName="DESKTOP-NU2PNLJ" duration="00:00:00.1054408" startTime="2026-08-31T04:13:44.6670926+04:00" endTime="2026-08-31T04:13:44.6670932+04:00" testType="13cdc9d9-ddb5-4fa4-a97d-d965ccfc6d4b" outcome="Passed" testListId="8c84fa94-04c1-424b-9868-57a2d4851a1d" relativeResultsDirectory="d1e490fe-5f58-4b7a-93bd-6b51d50cd333" />
    <UnitTestResult executionId="8eb57855-f902-4604-b87b-7f63bd50a05b" testId="9c0fd2dd-1858-146d-cda2-bf78d2a79bb8" testName="CodePrintManager.Application.Tests.ProductsViewModelTests.CodePoolStats_SumsAllStatusesForTotal" computerName="DESKTOP-NU2PNLJ" duration="00:00:00.1150088" startTime="2026-08-31T04:13:37.9579730+04:00" endTime="2026-08-31T04:13:37.9579735+04:00" testType="13cdc9d9-ddb5-4fa4-a97d-d965ccfc6d4b" outcome="Passed" testListId="8c84fa94-04c1-424b-9868-57a2d4851a1d" relativeResultsDirectory="8eb57855-f902-4604-b87b-7f63bd50a05b" />
    <UnitTestResult executionId="0d95799a-6972-4d60-a0c1-9267b1e305d7" testId="e8ba41db-f59e-27eb-e572-3647da53a68a" testName="CodePrintManager.Application.Tests.PrintersViewModelTests.LoadPrinters_PopulatesList" computerName="DESKTOP-NU2PNLJ" duration="00:00:00.0051961" startTime="2026-08-31T04:13:41.1447207+04:00" endTime="2026-08-31T04:13:41.1447209+04:00" testType="13cdc9d9-ddb5-4fa4-a97d-d965ccfc6d4b" outcome="Passed" testListId="8c84fa94-04c1-424b-9868-57a2d4851a1d" relativeResultsDirectory="0d95799a-6972-4d60-a0c1-9267b1e305d7" />
    <UnitTestResult executionId="1b1e29f4-9fd4-4551-a2c9-3eb8dbd5abfe" testId="526f3a79-6cef-f378-127a-90a5424af58d" testName="CodePrintManager.Application.Tests.ProductsViewModelTests.ConfirmRename_UpdatesProductName" computerName="DESKTOP-NU2PNLJ" duration="00:00:00.0830595" startTime="2026-08-31T04:13:38.0546960+04:00" endTime="2026-08-31T04:13:38.0546964+04:00" testType="13cdc9d9-ddb5-4fa4-a97d-d965ccfc6d4b" outcome="Passed" testListId="8c84fa94-04c1-424b-9868-57a2d4851a1d" relativeResultsDirectory="1b1e29f4-9fd4-4551-a2c9-3eb8dbd5abfe" />
    <UnitTestResult executionId="b13f129e-01fb-4e35-908f-0c74750ed6e2" testId="8498d2ce-5760-54eb-4cae-05b884e0f38f" testName="CodePrintManager.Application.Tests.PrintersViewModelTests.VerifyPrinter_PrinterBlocked_StatusWarning" computerName="DESKTOP-NU2PNLJ" duration="00:00:00.1114990" startTime="2026-08-31T04:13:40.9830615+04:00" endTime="2026-08-31T04:13:40.9830620+04:00" testType="13cdc9d9-ddb5-4fa4-a97d-d965ccfc6d4b" outcome="Passed" testListId="8c84fa94-04c1-424b-9868-57a2d4851a1d" relativeResultsDirectory="b13f129e-01fb-4e35-908f-0c74750ed6e2" />
    <UnitTestResult executionId="c494d146-862f-4550-9208-6467a8d4bc6d" testId="a10a92c9-bb76-931e-95f1-f1460be16c3a" testName="CodePrintManager.Application.Tests.PrintersViewModelTests.EditPrinter_OpensEditMode" computerName="DESKTOP-NU2PNLJ" duration="00:00:00.1185662" startTime="2026-08-31T04:13:37.9414277+04:00" endTime="2026-08-31T04:13:37.9414283+04:00" testType="13cdc9d9-ddb5-4fa4-a97d-d965ccfc6d4b" outcome="Passed" testListId="8c84fa94-04c1-424b-9868-57a2d4851a1d" relativeResultsDirectory="c494d146-862f-4550-9208-6467a8d4bc6d" />
    <UnitTestResult executionId="f6549d71-5409-473a-bbd8-f8b4924b637f" testId="78a91252-7c11-24c2-6160-1e2099f7c81b" testName="CodePrintManager.Application.Tests.PrintersViewModelTests.F3_DeletePrinter_HasReadyJob_Blocked" computerName="DESKTOP-NU2PNLJ" duration="00:00:00.7592949" startTime="2026-08-31T04:13:37.8150246+04:00" endTime="2026-08-31T04:13:37.8150250+04:00" testType="13cdc9d9-ddb5-4fa4-a97d-d965ccfc6d4b" outcome="Passed" testListId="8c84fa94-04c1-424b-9868-57a2d4851a1d" relativeResultsDirectory="f6549d71-5409-473a-bbd8-f8b4924b637f" />
    <UnitTestResult executionId="23f68a0f-b770-4f72-a0b2-a493586d8118" testId="bc9bcd09-b347-f36f-281a-d715ea39e786" testName="CodePrintManager.Application.Tests.PrintersViewModelTests.F9_SelectPrinter_Connected_RefreshesStorage" computerName="DESKTOP-NU2PNLJ" duration="00:00:00.2553229" startTime="2026-08-31T04:13:47.1244332+04:00" endTime="2026-08-31T04:13:47.1244336+04:00" testType="13cdc9d9-ddb5-4fa4-a97d-d965ccfc6d4b" outcome="Passed" testListId="8c84fa94-04c1-424b-9868-57a2d4851a1d" relativeResultsDirectory="23f68a0f-b770-4f72-a0b2-a493586d8118" />
    <UnitTestResult executionId="3b39dc45-5c8a-4cf3-b2bf-616e35625703" testId="10e4e715-3898-3e47-174f-6aa96c7d98d0" testName="CodePrintManager.Application.Tests.ProductsViewModelTests.ActivityHistory_MaxTwentyEntries" computerName="DESKTOP-NU2PNLJ" duration="00:00:00.2414778" startTime="2026-08-31T04:13:40.3377771+04:00" endTime="2026-08-31T04:13:40.3377779+04:00" testType="13cdc9d9-ddb5-4fa4-a97d-d965ccfc6d4b" outcome="Passed" testListId="8c84fa94-04c1-424b-9868-57a2d4851a1d" relativeResultsDirectory="3b39dc45-5c8a-4cf3-b2bf-616e35625703" />
    <UnitTestResult executionId="53029beb-b4ac-4383-bbff-2a9c3a563d76" testId="9bd489e8-b9f2-8502-751a-f22c6e62d7e5" testName="CodePrintManager.Application.Tests.PrintersViewModelTests.VerifyPrinter_NoActiveJob_AllPass" computerName="DESKTOP-NU2PNLJ" duration="00:00:00.1190970" startTime="2026-08-31T04:13:41.2640134+04:00" endTime="2026-08-31T04:13:41.2640136+04:00" testType="13cdc9d9-ddb5-4fa4-a97d-d965ccfc6d4b" outcome="Passed" testListId="8c84fa94-04c1-424b-9868-57a2d4851a1d" relativeResultsDirectory="53029beb-b4ac-4383-bbff-2a9c3a563d76" />
    <UnitTestResult executionId="bdeab525-7157-4919-8c17-ffdcb2b67591" testId="bcf4ce85-c7c9-a681-367f-f904df908e38" testName="CodePrintManager.Application.Tests.PrintersViewModelTests.VerifyPrinter_OverallStatus_HasFail" computerName="DESKTOP-NU2PNLJ" duration="00:00:00.1099381" startTime="2026-08-31T04:13:43.8543861+04:00" endTime="2026-08-31T04:13:43.8543865+04:00" testType="13cdc9d9-ddb5-4fa4-a97d-d965ccfc6d4b" outcome="Passed" testListId="8c84fa94-04c1-424b-9868-57a2d4851a1d" relativeResultsDirectory="bdeab525-7157-4919-8c17-ffdcb2b67591" />
    <UnitTestResult executionId="25540ba1-9dcc-427c-a94e-778a1c565d8c" testId="844004df-84aa-2465-056f-1cf54284cb41" testName="CodePrintManager.Application.Tests.PrintersViewModelTests.VerifyResultItem_Pass_Icon" computerName="DESKTOP-NU2PNLJ" duration="00:00:00.0015228" startTime="2026-08-31T04:13:46.6474713+04:00" endTime="2026-08-31T04:13:46.6474717+04:00" testType="13cdc9d9-ddb5-4fa4-a97d-d965ccfc6d4b" outcome="Passed" testListId="8c84fa94-04c1-424b-9868-57a2d4851a1d" relativeResultsDirectory="25540ba1-9dcc-427c-a94e-778a1c565d8c" />
    <UnitTestResult executionId="2b2b8e7f-e8b6-4cdd-b41d-64fa7471cefe" testId="f7ae19d5-c5d6-b104-85b6-16a87f3ea987" testName="CodePrintManager.Application.Tests.PrintersViewModelTests.RefreshStorage_EmptyStorage_ShowsEmptyGrids" computerName="DESKTOP-NU2PNLJ" duration="00:00:00.2115579" startTime="2026-08-31T04:13:42.8774645+04:00" endTime="2026-08-31T04:13:42.8774650+04:00" testType="13cdc9d9-ddb5-4fa4-a97d-d965ccfc6d4b" outcome="Passed" testListId="8c84fa94-04c1-424b-9868-57a2d4851a1d" relativeResultsDirectory="2b2b8e7f-e8b6-4cdd-b41d-64fa7471cefe" />
    <UnitTestResult executionId="589a9c71-53dc-45a7-965b-cadbc9d893f9" testId="5dad3803-875d-8c64-baff-a94ac155c8cc" testName="CodePrintManager.Application.Tests.PrintersViewModelTests.ConfirmAddPrinter_ValidInput_CommandEnabled" computerName="DESKTOP-NU2PNLJ" duration="00:00:00.0017424" startTime="2026-08-31T04:13:45.8892330+04:00" endTime="2026-08-31T04:13:45.8892335+04:00" testType="13cdc9d9-ddb5-4fa4-a97d-d965ccfc6d4b" outcome="Passed" testListId="8c84fa94-04c1-424b-9868-57a2d4851a1d" relativeResultsDirectory="589a9c71-53dc-45a7-965b-cadbc9d893f9" />
    <UnitTestResult executionId="0844f758-34e7-47ea-a69f-6c4600c15778" testId="823405e0-5b0d-65fd-e36c-1e2402ed4530" testName="CodePrintManager.Application.Tests.PrintersViewModelTests.F2_ConfirmAddPrinter_EmptyIp_CommandDisabled" computerName="DESKTOP-NU2PNLJ" duration="00:00:00.0012129" startTime="2026-08-31T04:13:47.8355283+04:00" endTime="2026-08-31T04:13:47.8355290+04:00" testType="13cdc9d9-ddb5-4fa4-a97d-d965ccfc6d4b" outcome="Passed" testListId="8c84fa94-04c1-424b-9868-57a2d4851a1d" relativeResultsDirectory="0844f758-34e7-47ea-a69f-6c4600c15778" />
    <UnitTestResult executionId="365281bd-422b-4600-8e8d-d4c712317f36" testId="a06c55f9-7ffb-eb5a-21d0-44b7b821d243" testName="CodePrintManager.Application.Tests.ProductsViewModelTests.SelectLeafProduct_LoadsCodePoolStats" computerName="DESKTOP-NU2PNLJ" duration="00:00:00.1064763" startTime="2026-08-31T04:13:41.6466239+04:00" endTime="2026-08-31T04:13:41.6466244+04:00" testType="13cdc9d9-ddb5-4fa4-a97d-d965ccfc6d4b" outcome="Passed" testListId="8c84fa94-04c1-424b-9868-57a2d4851a1d" relativeResultsDirectory="365281bd-422b-4600-8e8d-d4c712317f36" />
    <UnitTestResult executionId="3e6443e4-a14d-4a9d-b145-3f4f173982cd" testId="71124193-2b32-cf91-3cd2-8fc36fcfdef6" testName="CodePrintManager.Application.Tests.ProductsViewModelTests.NewJob_FiresWhenCodesAvailable" computerName="DESKTOP-NU2PNLJ" duration="00:00:00.1065447" startTime="2026-08-31T04:13:42.4068841+04:00" endTime="2026-08-31T04:13:42.4068847+04:00" testType="13cdc9d9-ddb5-4fa4-a97d-d965ccfc6d4b" outcome="Passed" testListId="8c84fa94-04c1-424b-9868-57a2d4851a1d" relativeResultsDirectory="3e6443e4-a14d-4a9d-b145-3f4f173982cd" />
    <UnitTestResult executionId="3e1a16ef-1f35-4b52-acc3-aae7d2fbf65e" testId="d8e2bb10-a7ab-8ae0-d629-1622a2badbf7" testName="CodePrintManager.Application.Tests.PrintersViewModelTests.VerifyResultItem_Fail_Icon" computerName="DESKTOP-NU2PNLJ" duration="00:00:00.0016662" startTime="2026-08-31T04:13:40.7237008+04:00" endTime="2026-08-31T04:13:40.7237011+04:00" testType="13cdc9d9-ddb5-4fa4-a97d-d965ccfc6d4b" outcome="Passed" testListId="8c84fa94-04c1-424b-9868-57a2d4851a1d" relativeResultsDirectory="3e1a16ef-1f35-4b52-acc3-aae7d2fbf65e" />
    <UnitTestResult executionId="9857e72c-0bcf-4f28-9e24-de19680db2d5" testId="2b4684f9-fdb8-eefe-fee1-ae2696a78fc1" testName="CodePrintManager.Application.Tests.PrintersViewModelTests.PrinterFileItem_ActiveOnPrinter_IsProtected" computerName="DESKTOP-NU2PNLJ" duration="00:00:00.0014273" startTime="2026-08-31T04:13:38.5753430+04:00" endTime="2026-08-31T04:13:38.5753433+04:00" testType="13cdc9d9-ddb5-4fa4-a97d-d965ccfc6d4b" outcome="Passed" testListId="8c84fa94-04c1-424b-9868-57a2d4851a1d" relativeResultsDirectory="9857e72c-0bcf-4f28-9e24-de19680db2d5" />
    <UnitTestResult executionId="edf71365-751c-46c5-b8a8-380ae77bc1c9" testId="ffb44a52-ed2e-a365-d1da-5634168cbee5" testName="CodePrintManager.Application.Tests.ProductsViewModelTests.CanCreateNewJob_FalseWhenNothingSelected" computerName="DESKTOP-NU2PNLJ" duration="00:00:00.1024319" startTime="2026-08-31T04:13:41.5397941+04:00" endTime="2026-08-31T04:13:41.5397946+04:00" testType="13cdc9d9-ddb5-4fa4-a97d-d965ccfc6d4b" outcome="Passed" testListId="8c84fa94-04c1-424b-9868-57a2d4851a1d" relativeResultsDirectory="edf71365-751c-46c5-b8a8-380ae77bc1c9" />
    <UnitTestResult executionId="50d463f0-2182-4b26-a764-ab75209f1654" testId="53155ad9-f922-bb5a-d76a-240eb1a381c6" testName="CodePrintManager.Application.Tests.PrintersViewModelTests.RefreshStorage_UnmappedFiles_PreSelected" computerName="DESKTOP-NU2PNLJ" duration="00:00:00.2063431" startTime="2026-08-31T04:13:42.6625070+04:00" endTime="2026-08-31T04:13:42.6625075+04:00" testType="13cdc9d9-ddb5-4fa4-a97d-d965ccfc6d4b" outcome="Passed" testListId="8c84fa94-04c1-424b-9868-57a2d4851a1d" relativeResultsDirectory="50d463f0-2182-4b26-a764-ab75209f1654" />
    <UnitTestResult executionId="dd909e40-1ba1-45c1-bce6-0f4ab779b9f8" testId="bfc48912-78ae-b4f6-cec0-2fadc180497e" testName="CodePrintManager.Application.Tests.ProductsViewModelTests.AddProduct_LeafSelected_CreatesAsSibling" computerName="DESKTOP-NU2PNLJ" duration="00:00:00.0591658" startTime="2026-08-31T04:13:40.6292734+04:00" endTime="2026-08-31T04:13:40.6292739+04:00" testType="13cdc9d9-ddb5-4fa4-a97d-d965ccfc6d4b" outcome="Passed" testListId="8c84fa94-04c1-424b-9868-57a2d4851a1d" relativeResultsDirectory="dd909e40-1ba1-45c1-bce6-0f4ab779b9f8" />
    <UnitTestResult executionId="e6ca8119-e820-4b12-b411-4ab27153affc" testId="f1118bea-8639-ce9a-75ff-31c9cbb902f5" testName="CodePrintManager.Application.Tests.PrintersViewModelTests.VerifyPrinter_ActiveJob_CounterBehind_Fail" computerName="DESKTOP-NU2PNLJ" duration="00:00:00.1158383" startTime="2026-08-31T04:13:43.4232301+04:00" endTime="2026-08-31T04:13:43.4232307+04:00" testType="13cdc9d9-ddb5-4fa4-a97d-d965ccfc6d4b" outcome="Passed" testListId="8c84fa94-04c1-424b-9868-57a2d4851a1d" relativeResultsDirectory="e6ca8119-e820-4b12-b411-4ab27153affc" />
    <UnitTestResult executionId="af1dd1d8-d1f6-463f-b5fd-7778a4a4dc21" testId="4d10ecbd-95f0-9623-12ff-bbfadfe7a491" testName="CodePrintManager.Application.Tests.PrintersViewModelTests.SelectPrinter_Offline_EmptyStorage" computerName="DESKTOP-NU2PNLJ" duration="00:00:00.1058333" startTime="2026-08-31T04:13:42.1171872+04:00" endTime="2026-08-31T04:13:42.1171875+04:00" testType="13cdc9d9-ddb5-4fa4-a97d-d965ccfc6d4b" outcome="Passed" testListId="8c84fa94-04c1-424b-9868-57a2d4851a1d" relativeResultsDirectory="af1dd1d8-d1f6-463f-b5fd-7778a4a4dc21" />
    <UnitTestResult executionId="f5feb993-da53-4d99-b8ff-22497859622f" testId="dc757218-db36-d068-4f3f-51309f1e098c" testName="CodePrintManager.Application.Tests.ProductsViewModelTests.ActivityHistory_MergedAndSortedByDateDescending" computerName="DESKTOP-NU2PNLJ" duration="00:00:00.2146525" startTime="2026-08-31T04:13:43.1185883+04:00" endTime="2026-08-31T04:13:43.1185888+04:00" testType="13cdc9d9-ddb5-4fa4-a97d-d965ccfc6d4b" outcome="Passed" testListId="8c84fa94-04c1-424b-9868-57a2d4851a1d" relativeResultsDirectory="f5feb993-da53-4d99-b8ff-22497859622f" />
    <UnitTestResult executionId="b9bef2c7-9f0e-4838-b8a0-60714c1493eb" testId="c2071f17-d4b8-124b-8204-1054e120372a" testName="CodePrintManager.Application.Tests.PrintersViewModelTests.VerifyPrinter_ActiveJob_CsvMissing_Warning" computerName="DESKTOP-NU2PNLJ" duration="00:00:00.1114518" startTime="2026-08-31T04:13:39.9366379+04:00" endTime="2026-08-31T04:13:39.9366383+04:00" testType="13cdc9d9-ddb5-4fa4-a97d-d965ccfc6d4b" outcome="Passed" testListId="8c84fa94-04c1-424b-9868-57a2d4851a1d" relativeResultsDirectory="b9bef2c7-9f0e-4838-b8a0-60714c1493eb" />
    <UnitTestResult executionId="083bd00f-da4b-420c-9f1a-dbfcba4704d0" testId="8a197265-7647-3644-ee76-efe80fbe2a99" testName="CodePrintManager.Application.Tests.PrintersViewModelTests.PausedJobStatus_ConsideredActive_BlocksDelete" computerName="DESKTOP-NU2PNLJ" duration="00:00:00.1100144" startTime="2026-08-31T04:13:44.0718395+04:00" endTime="2026-08-31T04:13:44.0718401+04:00" testType="13cdc9d9-ddb5-4fa4-a97d-d965ccfc6d4b" outcome="Passed" testListId="8c84fa94-04c1-424b-9868-57a2d4851a1d" relativeResultsDirectory="083bd00f-da4b-420c-9f1a-dbfcba4704d0" />
    <UnitTestResult executionId="02655d86-277a-4a94-8161-9d80dd4186b8" testId="4770ea9a-1ced-f107-ae50-32e98e3c1869" testName="CodePrintManager.Application.Tests.PrintersViewModelTests.DeleteSelectedFiles_NothingSelected_DoesNothing" computerName="DESKTOP-NU2PNLJ" duration="00:00:00.2186836" startTime="2026-08-31T04:13:38.5715910+04:00" endTime="2026-08-31T04:13:38.5715917+04:00" testType="13cdc9d9-ddb5-4fa4-a97d-d965ccfc6d4b" outcome="Passed" testListId="8c84fa94-04c1-424b-9868-57a2d4851a1d" relativeResultsDirectory="02655d86-277a-4a94-8161-9d80dd4186b8" />
    <UnitTestResult executionId="06386bac-1fe5-4502-a6a7-c9807abada64" testId="a5a5c4da-69e0-15e4-9650-8410f880bd29" testName="CodePrintManager.Application.Tests.PrintersViewModelTests.DeleteSelectedFiles_AuditLogEntry" computerName="DESKTOP-NU2PNLJ" duration="00:00:00.2541878" startTime="2026-08-31T04:13:45.3857839+04:00" endTime="2026-08-31T04:13:45.3857845+04:00" testType="13cdc9d9-ddb5-4fa4-a97d-d965ccfc6d4b" outcome="Passed" testListId="8c84fa94-04c1-424b-9868-57a2d4851a1d" relativeResultsDirectory="06386bac-1fe5-4502-a6a7-c9807abada64" />
    <UnitTestResult executionId="7b0b1246-e15e-48e2-b342-6eab30fe576a" testId="37b67151-6ead-47c0-7b25-581693055182" testName="CodePrintManager.Application.Tests.ProductsViewModelTests.ConfirmRename_EmptyName_DoesNotUpdate" computerName="DESKTOP-NU2PNLJ" duration="00:00:00.0571729" startTime="2026-08-31T04:13:43.1817148+04:00" endTime="2026-08-31T04:13:43.1817153+04:00" testType="13cdc9d9-ddb5-4fa4-a97d-d965ccfc6d4b" outcome="Passed" testListId="8c84fa94-04c1-424b-9868-57a2d4851a1d" relativeResultsDirectory="7b0b1246-e15e-48e2-b342-6eab30fe576a" />
    <UnitTestResult executionId="c66e6864-f674-4f37-8c65-68b8fad5c2ce" testId="9f3dd77a-b93c-f4ab-3028-ad53e89d77ac" testName="CodePrintManager.Application.Tests.PrintersViewModelTests.F11_ConfirmAddPrinter_AutoConnects" computerName="DESKTOP-NU2PNLJ" duration="00:00:00.1468846" startTime="2026-08-31T04:13:47.3847873+04:00" endTime="2026-08-31T04:13:47.3847880+04:00" testType="13cdc9d9-ddb5-4fa4-a97d-d965ccfc6d4b" outcome="Passed" testListId="8c84fa94-04c1-424b-9868-57a2d4851a1d" relativeResultsDirectory="c66e6864-f674-4f37-8c65-68b8fad5c2ce" />
    <UnitTestResult executionId="84c60032-ca93-48a4-837b-681547658c6f" testId="b9ee0142-3996-7d62-b1de-c92b92486f48" testName="CodePrintManager.Application.Tests.ProductsViewModelTests.NewJob_LeafSelected_WithAvailableCodes_FiresNavigationEvent" computerName="DESKTOP-NU2PNLJ" duration="00:00:00.1156110" startTime="2026-08-31T04:13:44.0485568+04:00" endTime="2026-08-31T04:13:44.0485572+04:00" testType="13cdc9d9-ddb5-4fa4-a97d-d965ccfc6d4b" outcome="Passed" testListId="8c84fa94-04c1-424b-9868-57a2d4851a1d" relativeResultsDirectory="84c60032-ca93-48a4-837b-681547658c6f" />
    <UnitTestResult executionId="97c7553f-8b64-44a0-b392-a80d795cc42e" testId="3a070a95-6e50-9ec1-245e-abab019d625a" testName="CodePrintManager.Application.Tests.ProductsViewModelTests.ConfirmRename_SameName_ClosesWithoutUpdate" computerName="DESKTOP-NU2PNLJ" duration="00:00:00.0637606" startTime="2026-08-31T04:13:41.4373460+04:00" endTime="2026-08-31T04:13:41.4373465+04:00" testType="13cdc9d9-ddb5-4fa4-a97d-d965ccfc6d4b" outcome="Passed" testListId="8c84fa94-04c1-424b-9868-57a2d4851a1d" relativeResultsDirectory="97c7553f-8b64-44a0-b392-a80d795cc42e" />
    <UnitTestResult executionId="8ece4894-9ec4-4c14-8809-9dc7054c67c9" testId="f9bb8f66-cb00-4993-45fe-9c38577dff8d" testName="CodePrintManager.Application.Tests.ProductsViewModelTests.CanCreateNewJob_FalseWhenEmptyPool" computerName="DESKTOP-NU2PNLJ" duration="00:00:00.1708841" startTime="2026-08-31T04:13:38.7610021+04:00" endTime="2026-08-31T04:13:38.7610025+04:00" testType="13cdc9d9-ddb5-4fa4-a97d-d965ccfc6d4b" outcome="Passed" testListId="8c84fa94-04c1-424b-9868-57a2d4851a1d" relativeResultsDirectory="8ece4894-9ec4-4c14-8809-9dc7054c67c9" />
    <UnitTestResult executionId="179e8689-035a-4a03-bd35-ad9c45ed71f5" testId="4cb807b3-d19c-a62f-3fb1-832a895c2353" testName="CodePrintManager.Application.Tests.PrintersViewModelTests.VerifyPrinter_ActiveJob_NoBaseline_Warning" computerName="DESKTOP-NU2PNLJ" duration="00:00:00.1084064" startTime="2026-08-31T04:13:42.2333432+04:00" endTime="2026-08-31T04:13:42.2333436+04:00" testType="13cdc9d9-ddb5-4fa4-a97d-d965ccfc6d4b" outcome="Passed" testListId="8c84fa94-04c1-424b-9868-57a2d4851a1d" relativeResultsDirectory="179e8689-035a-4a03-bd35-ad9c45ed71f5" />
    <UnitTestResult executionId="81cba4e2-c376-406d-8ea4-5ea65d7cddd5" testId="3d7ae771-f99a-e911-d6c8-50c2365caf14" testName="CodePrintManager.Application.Tests.PrintersViewModelTests.DisconnectPrinter_WithActiveJobs_WarnsUser" computerName="DESKTOP-NU2PNLJ" duration="00:00:00.1327738" startTime="2026-08-31T04:13:46.1718703+04:00" endTime="2026-08-31T04:13:46.1718706+04:00" testType="13cdc9d9-ddb5-4fa4-a97d-d965ccfc6d4b" outcome="Passed" testListId="8c84fa94-04c1-424b-9868-57a2d4851a1d" relativeResultsDirectory="81cba4e2-c376-406d-8ea4-5ea65d7cddd5" />
    <UnitTestResult executionId="59578484-cd6a-4d7c-a0a4-537e393c4683" testId="99fb5e8f-921b-8509-ea95-1f3ab1adca6c" testName="CodePrintManager.Application.Tests.ProductsViewModelTests.CanCreateNewJob_FalseWhenZeroAvailable" computerName="DESKTOP-NU2PNLJ" duration="00:00:00.1175643" startTime="2026-08-31T04:13:40.4555977+04:00" endTime="2026-08-31T04:13:40.4555982+04:00" testType="13cdc9d9-ddb5-4fa4-a97d-d965ccfc6d4b" outcome="Passed" testListId="8c84fa94-04c1-424b-9868-57a2d4851a1d" relativeResultsDirectory="59578484-cd6a-4d7c-a0a4-537e393c4683" />
    <UnitTestResult executionId="9869d370-98c9-46e7-a234-84824fab5783" testId="530a5639-84e2-a9e3-14f6-c3925de34141" testName="CodePrintManager.Application.Tests.PrintersViewModelTests.RefreshStorage_TemplateMapping_ByFilenameOnly" computerName="DESKTOP-NU2PNLJ" duration="00:00:00.2418843" startTime="2026-08-31T04:13:47.6268860+04:00" endTime="2026-08-31T04:13:47.6268867+04:00" testType="13cdc9d9-ddb5-4fa4-a97d-d965ccfc6d4b" outcome="Passed" testListId="8c84fa94-04c1-424b-9868-57a2d4851a1d" relativeResultsDirectory="9869d370-98c9-46e7-a234-84824fab5783" />
    <UnitTestResult executionId="006af99d-fbe9-4190-95e6-4753b508d260" testId="4c560e4c-98b8-70f5-b406-13b2a9b15596" testName="CodePrintManager.Application.Tests.PrintersViewModelTests.SaveEditPrinter_AuditLogEntry" computerName="DESKTOP-NU2PNLJ" duration="00:00:00.1310482" startTime="2026-08-31T04:13:44.5612766+04:00" endTime="2026-08-31T04:13:44.5612769+04:00" testType="13cdc9d9-ddb5-4fa4-a97d-d965ccfc6d4b" outcome="Passed" testListId="8c84fa94-04c1-424b-9868-57a2d4851a1d" relativeResultsDirectory="006af99d-fbe9-4190-95e6-4753b508d260" />
    <UnitTestResult executionId="89ea69fc-49e3-4231-bfab-ecdb1cec5cab" testId="5e4397ca-68c8-39d3-4b66-e38fd359814d" testName="CodePrintManager.Application.Tests.PrintersViewModelTests.MultipleJobStatuses_AfterActiveCompletes_NotBlocked" computerName="DESKTOP-NU2PNLJ" duration="00:00:00.1216803" startTime="2026-08-31T04:13:44.7889573+04:00" endTime="2026-08-31T04:13:44.7889578+04:00" testType="13cdc9d9-ddb5-4fa4-a97d-d965ccfc6d4b" outcome="Passed" testListId="8c84fa94-04c1-424b-9868-57a2d4851a1d" relativeResultsDirectory="89ea69fc-49e3-4231-bfab-ecdb1cec5cab" />
    <UnitTestResult executionId="dbe71000-2c28-4b82-bc57-4c6160cb0800" testId="5d37f5de-ff37-6266-ae09-9d53ec9ae5c0" testName="CodePrintManager.Application.Tests.ProductsViewModelTests.CodePoolStats_ZeroWhenNoCodesExist" computerName="DESKTOP-NU2PNLJ" duration="00:00:00.1063990" startTime="2026-08-31T04:13:40.7359423+04:00" endTime="2026-08-31T04:13:40.7359427+04:00" testType="13cdc9d9-ddb5-4fa4-a97d-d965ccfc6d4b" outcome="Passed" testListId="8c84fa94-04c1-424b-9868-57a2d4851a1d" relativeResultsDirectory="dbe71000-2c28-4b82-bc57-4c6160cb0800" />
    <UnitTestResult executionId="8b383aef-e11b-4c7a-bf3d-8297596fcfdc" testId="fd2574f8-42ea-e318-db1b-dfb6f29c3f5c" testName="CodePrintManager.Application.Tests.ProductsViewModelTests.CanCreateNewJob_TrueWhenCodesAvailable" computerName="DESKTOP-NU2PNLJ" duration="00:00:04.5680664" startTime="2026-08-31T04:13:37.2280527+04:00" endTime="2026-08-31T04:13:37.2280531+04:00" testType="13cdc9d9-ddb5-4fa4-a97d-d965ccfc6d4b" outcome="Passed" testListId="8c84fa94-04c1-424b-9868-57a2d4851a1d" relativeResultsDirectory="8b383aef-e11b-4c7a-bf3d-8297596fcfdc" />
    <UnitTestResult executionId="4c68124d-934f-4b6a-809f-9de7d5e7e4e6" testId="d185609c-a6fc-5caf-4c65-a9b2629c5204" testName="CodePrintManager.Application.Tests.PrintersViewModelTests.F3_DeletePrinter_HasPreparingJob_Blocked" computerName="DESKTOP-NU2PNLJ" duration="00:00:00.1089793" startTime="2026-08-31T04:13:42.4558663+04:00" endTime="2026-08-31T04:13:42.4558667+04:00" testType="13cdc9d9-ddb5-4fa4-a97d-d965ccfc6d4b" outcome="Passed" testListId="8c84fa94-04c1-424b-9868-57a2d4851a1d" relativeResultsDirectory="4c68124d-934f-4b6a-809f-9de7d5e7e4e6" />
    <UnitTestResult executionId="192539cd-b021-42f7-9231-f409897ad732" testId="b83f15d9-72cd-7f19-7118-9c62ff3a5317" testName="CodePrintManager.Application.Tests.UnitTest1.Test1" computerName="DESKTOP-NU2PNLJ" duration="00:00:00.0053473" startTime="2026-08-31T04:13:32.6661218+04:00" endTime="2026-08-31T04:13:32.6661938+04:00" testType="13cdc9d9-ddb5-4fa4-a97d-d965ccfc6d4b" outcome="Passed" testListId="8c84fa94-04c1-424b-9868-57a2d4851a1d" relativeResultsDirectory="192539cd-b021-42f7-9231-f409897ad732" />
    <UnitTestResult executionId="cb6597c9-192c-4fe7-bad3-3bcae69695e5" testId="2a3e3279-c9b2-95c5-e93b-f5e6e73cf63c" testName="CodePrintManager.Application.Tests.PrintersViewModelTests.StatusChanged_Event_UpdatesSelectedPrinterStatus" computerName="DESKTOP-NU2PNLJ" duration="00:00:00.2096460" startTime="2026-08-31T04:13:42.0098496+04:00" endTime="2026-08-31T04:13:42.0098501+04:00" testType="13cdc9d9-ddb5-4fa4-a97d-d965ccfc6d4b" outcome="Passed" testListId="8c84fa94-04c1-424b-9868-57a2d4851a1d" relativeResultsDirectory="cb6597c9-192c-4fe7-bad3-3bcae69695e5" />
    <UnitTestResult executionId="c562a79d-56a9-4929-8dde-687b35755f2d" testId="5b8ed83a-29c5-a927-a35e-a58776b67410" testName="CodePrintManager.Application.Tests.ProductsViewModelTests.SelectionChange_ClosesRenameForm" computerName="DESKTOP-NU2PNLJ" duration="00:00:00.1137943" startTime="2026-08-31T04:13:38.5841131+04:00" endTime="2026-08-31T04:13:38.5841134+04:00" testType="13cdc9d9-ddb5-4fa4-a97d-d965ccfc6d4b" outcome="Passed" testListId="8c84fa94-04c1-424b-9868-57a2d4851a1d" relativeResultsDirectory="c562a79d-56a9-4929-8dde-687b35755f2d" />
    <UnitTestResult executionId="a9b519e0-5cf1-42c0-8b50-ff5d3f97543f" testId="a699e2df-ddcc-49b1-191f-48b48bc449a0" testName="CodePrintManager.Application.Tests.ProductsViewModelTests.InitialState_NoSelection_DetailPaneEmpty" computerName="DESKTOP-NU2PNLJ" duration="00:00:00.0052343" startTime="2026-08-31T04:13:37.8426916+04:00" endTime="2026-08-31T04:13:37.8426921+04:00" testType="13cdc9d9-ddb5-4fa4-a97d-d965ccfc6d4b" outcome="Passed" testListId="8c84fa94-04c1-424b-9868-57a2d4851a1d" relativeResultsDirectory="a9b519e0-5cf1-42c0-8b50-ff5d3f97543f" />
    <UnitTestResult executionId="cdc2f21d-295d-4355-a37b-a641f2325e74" testId="7b9891ce-b320-8a32-8051-2c0e04ca8eab" testName="CodePrintManager.Application.Tests.ProductsViewModelTests.ConfirmRename_FolderWorks" computerName="DESKTOP-NU2PNLJ" duration="00:00:00.0577387" startTime="2026-08-31T04:13:37.5537459+04:00" endTime="2026-08-31T04:13:37.5537464+04:00" testType="13cdc9d9-ddb5-4fa4-a97d-d965ccfc6d4b" outcome="Passed" testListId="8c84fa94-04c1-424b-9868-57a2d4851a1d" relativeResultsDirectory="cdc2f21d-295d-4355-a37b-a641f2325e74" />
    <UnitTestResult executionId="945f7f6e-b696-47b7-b8af-db1f46d18923" testId="512272e6-f3ad-95a0-cef1-360697c22250" testName="CodePrintManager.Application.Tests.PrintersViewModelTests.ConnectCommand_NoPrinterSelected_IsDisabled" computerName="DESKTOP-NU2PNLJ" duration="00:00:00.0020470" startTime="2026-08-31T04:13:38.5737696+04:00" endTime="2026-08-31T04:13:38.5737699+04:00" testType="13cdc9d9-ddb5-4fa4-a97d-d965ccfc6d4b" outcome="Passed" testListId="8c84fa94-04c1-424b-9868-57a2d4851a1d" relativeResultsDirectory="945f7f6e-b696-47b7-b8af-db1f46d18923" />
    <UnitTestResult executionId="fe7aafce-9a56-4ff5-97f2-bab634ab902f" testId="ecd7b4c6-beb2-cc42-4f45-bba4ce91c41b" testName="CodePrintManager.Application.Tests.PrintersViewModelTests.F4_RefreshStorage_MappedFiles_IsProtected" computerName="DESKTOP-NU2PNLJ" duration="00:00:00.4109893" startTime="2026-08-31T04:13:38.3526056+04:00" endTime="2026-08-31T04:13:38.3526063+04:00" testType="13cdc9d9-ddb5-4fa4-a97d-d965ccfc6d4b" outcome="Passed" testListId="8c84fa94-04c1-424b-9868-57a2d4851a1d" relativeResultsDirectory="fe7aafce-9a56-4ff5-97f2-bab634ab902f" />
    <UnitTestResult executionId="8af68a02-0383-4a60-acd7-8e8f27fb55c1" testId="072ca761-24a9-83ba-9a7b-bd6fc4ea2e57" testName="CodePrintManager.Application.Tests.ProductsViewModelTests.ActivityHistory_NonImportAuditEntries_Excluded" computerName="DESKTOP-NU2PNLJ" duration="00:00:00.2157072" startTime="2026-08-31T04:13:42.1397502+04:00" endTime="2026-08-31T04:13:42.1397507+04:00" testType="13cdc9d9-ddb5-4fa4-a97d-d965ccfc6d4b" outcome="Passed" testListId="8c84fa94-04c1-424b-9868-57a2d4851a1d" relativeResultsDirectory="8af68a02-0383-4a60-acd7-8e8f27fb55c1" />
    <UnitTestResult executionId="be02287b-a9f8-47e0-bd6f-e787d7fd7d76" testId="f3aff61c-faed-6304-722a-38bde953bf37" testName="CodePrintManager.Application.Tests.ProductsViewModelTests.ActivityHistory_ExcludesActiveJobs" computerName="DESKTOP-NU2PNLJ" duration="00:00:00.2841328" startTime="2026-08-31T04:13:37.8372208+04:00" endTime="2026-08-31T04:13:37.8372214+04:00" testType="13cdc9d9-ddb5-4fa4-a97d-d965ccfc6d4b" outcome="Passed" testListId="8c84fa94-04c1-424b-9868-57a2d4851a1d" relativeResultsDirectory="be02287b-a9f8-47e0-bd6f-e787d7fd7d76" />
    <UnitTestResult executionId="7520c933-42c9-4bf2-b0fd-5108c57e75c7" testId="7677b450-e91c-a15b-8f1e-49922f5d8935" testName="CodePrintManager.Application.Tests.PrintersViewModelTests.VerifyPrinter_PrinterIdle_StatusPass" computerName="DESKTOP-NU2PNLJ" duration="00:00:00.1094430" startTime="2026-08-31T04:13:44.8999349+04:00" endTime="2026-08-31T04:13:44.8999356+04:00" testType="13cdc9d9-ddb5-4fa4-a97d-d965ccfc6d4b" outcome="Passed" testListId="8c84fa94-04c1-424b-9868-57a2d4851a1d" relativeResultsDirectory="7520c933-42c9-4bf2-b0fd-5108c57e75c7" />
    <UnitTestResult executionId="90451bb8-809c-4958-acb3-c639e4c1a63b" testId="21547ea3-3bb9-800c-5b75-71046959bf59" testName="CodePrintManager.Application.Tests.ProductsViewModelTests.ActivityHistory_JobFromDifferentProduct_NotShown" computerName="DESKTOP-NU2PNLJ" duration="00:00:00.2111131" startTime="2026-08-31T04:13:40.9473506+04:00" endTime="2026-08-31T04:13:40.9473510+04:00" testType="13cdc9d9-ddb5-4fa4-a97d-d965ccfc6d4b" outcome="Passed" testListId="8c84fa94-04c1-424b-9868-57a2d4851a1d" relativeResultsDirectory="90451bb8-809c-4958-acb3-c639e4c1a63b" />
    <UnitTestResult executionId="01b4ef97-8f26-4c05-905f-348031599890" testId="3ddaca1c-2d65-0f61-f75f-2cd8017a4b52" testName="CodePrintManager.Application.Tests.PrintersViewModelTests.SaveEditPrinter_EmptyName_DoesNothing" computerName="DESKTOP-NU2PNLJ" duration="00:00:00.1978727" startTime="2026-08-31T04:13:46.5156793+04:00" endTime="2026-08-31T04:13:46.5156797+04:00" testType="13cdc9d9-ddb5-4fa4-a97d-d965ccfc6d4b" outcome="Passed" testListId="8c84fa94-04c1-424b-9868-57a2d4851a1d" relativeResultsDirectory="01b4ef97-8f26-4c05-905f-348031599890" />
    <UnitTestResult executionId="a8c4227b-a9e3-4a85-93e0-d9bbf4aaf7be" testId="7490521e-89ce-21b8-3c51-5188d82a8644" testName="CodePrintManager.Application.Tests.ProductsViewModelTests.SelectLeaf_AddTargetHint_ShowsParentNameOrRoot" computerName="DESKTOP-NU2PNLJ" duration="00:00:00.0065844" startTime="2026-08-31T04:13:37.9648334+04:00" endTime="2026-08-31T04:13:37.9648349+04:00" testType="13cdc9d9-ddb5-4fa4-a97d-d965ccfc6d4b" outcome="Passed" testListId="8c84fa94-04c1-424b-9868-57a2d4851a1d" relativeResultsDirectory="a8c4227b-a9e3-4a85-93e0-d9bbf4aaf7be" />
    <UnitTestResult executionId="2cca3153-d34b-4a1b-b5c9-c881bfee4b37" testId="32c2d51c-9166-5f6c-a2cc-157f9caba158" testName="CodePrintManager.Application.Tests.PrintersViewModelTests.F10_ConnectCommand_WhenOffline_IsEnabled" computerName="DESKTOP-NU2PNLJ" duration="00:00:00.1073800" startTime="2026-08-31T04:13:42.3476804+04:00" endTime="2026-08-31T04:13:42.3476810+04:00" testType="13cdc9d9-ddb5-4fa4-a97d-d965ccfc6d4b" outcome="Passed" testListId="8c84fa94-04c1-424b-9868-57a2d4851a1d" relativeResultsDirectory="2cca3153-d34b-4a1b-b5c9-c881bfee4b37" />
    <UnitTestResult executionId="9ae2d8a7-682c-4c4a-a34a-282c46e5609b" testId="2d512b1e-e03b-7015-4929-b7fe6be203de" testName="CodePrintManager.Application.Tests.PrintersViewModelTests.InitialState_DefaultValues" computerName="DESKTOP-NU2PNLJ" duration="00:00:00.0040509" startTime="2026-08-31T04:13:38.7021485+04:00" endTime="2026-08-31T04:13:38.7021494+04:00" testType="13cdc9d9-ddb5-4fa4-a97d-d965ccfc6d4b" outcome="Passed" testListId="8c84fa94-04c1-424b-9868-57a2d4851a1d" relativeResultsDirectory="9ae2d8a7-682c-4c4a-a34a-282c46e5609b" />
    <UnitTestResult executionId="90ecac1b-48ae-4bf4-87ee-fab82b2de8c3" testId="148a8fd3-7ca4-42ea-874d-87e2af0b711e" testName="CodePrintManager.Application.Tests.PrintersViewModelTests.F7_SelectPrinter_Connected_QueriesRealStatus" computerName="DESKTOP-NU2PNLJ" duration="00:00:00.1050939" startTime="2026-08-31T04:13:40.6146489+04:00" endTime="2026-08-31T04:13:40.6146494+04:00" testType="13cdc9d9-ddb5-4fa4-a97d-d965ccfc6d4b" outcome="Passed" testListId="8c84fa94-04c1-424b-9868-57a2d4851a1d" relativeResultsDirectory="90ecac1b-48ae-4bf4-87ee-fab82b2de8c3" />
    <UnitTestResult executionId="48ce98ad-c940-463b-a829-8554a4215e34" testId="9272f98d-eb37-9bc7-398b-840f4d7aee3f" testName="CodePrintManager.Application.Tests.PrintersViewModelTests.F3_DeletePrinter_CompletedJobsOnly_NotBlockedByGuard" computerName="DESKTOP-NU2PNLJ" duration="00:00:00.1117782" startTime="2026-08-31T04:13:43.3071594+04:00" endTime="2026-08-31T04:13:43.3071598+04:00" testType="13cdc9d9-ddb5-4fa4-a97d-d965ccfc6d4b" outcome="Passed" testListId="8c84fa94-04c1-424b-9868-57a2d4851a1d" relativeResultsDirectory="48ce98ad-c940-463b-a829-8554a4215e34" />
    <UnitTestResult executionId="d6c2af30-9a7b-494b-8c97-65a00c176a76" testId="2531bac5-00e8-bc40-fc10-16d08cbf34fb" testName="CodePrintManager.Application.Tests.PrintersViewModelTests.F10_ConnectCommand_WhenConnected_IsDisabled" computerName="DESKTOP-NU2PNLJ" duration="00:00:00.1386303" startTime="2026-08-31T04:13:46.0280778+04:00" endTime="2026-08-31T04:13:46.0280781+04:00" testType="13cdc9d9-ddb5-4fa4-a97d-d965ccfc6d4b" outcome="Passed" testListId="8c84fa94-04c1-424b-9868-57a2d4851a1d" relativeResultsDirectory="d6c2af30-9a7b-494b-8c97-65a00c176a76" />
    <UnitTestResult executionId="43bf1b17-fd10-4ef1-ac59-8f5d2968368c" testId="1fc317b0-d3b1-845f-ac18-52bf9f966f63" testName="CodePrintManager.Application.Tests.PrintersViewModelTests.VerifyPrinter_ActiveJob_CsvPresent_Pass" computerName="DESKTOP-NU2PNLJ" duration="00:00:00.1568781" startTime="2026-08-31T04:13:45.5429606+04:00" endTime="2026-08-31T04:13:45.5429610+04:00" testType="13cdc9d9-ddb5-4fa4-a97d-d965ccfc6d4b" outcome="Passed" testListId="8c84fa94-04c1-424b-9868-57a2d4851a1d" relativeResultsDirectory="43bf1b17-fd10-4ef1-ac59-8f5d2968368c" />
    <UnitTestResult executionId="97996ef3-4a5f-4af5-8b06-b168de24db89" testId="f07c868f-a620-b4bd-2bd8-375d72083b7a" testName="CodePrintManager.Application.Tests.ProductsViewModelTests.ShowRename_NothingSelected_DoesNothing" computerName="DESKTOP-NU2PNLJ" duration="00:00:00.0012715" startTime="2026-08-31T04:13:43.9327314+04:00" endTime="2026-08-31T04:13:43.9327317+04:00" testType="13cdc9d9-ddb5-4fa4-a97d-d965ccfc6d4b" outcome="Passed" testListId="8c84fa94-04c1-424b-9868-57a2d4851a1d" relativeResultsDirectory="97996ef3-4a5f-4af5-8b06-b168de24db89" />
    <UnitTestResult executionId="4edba173-cac0-415a-b921-c1c64ae91bcd" testId="152d52ba-3a08-225f-4ee5-0eff99324e33" testName="CodePrintManager.Application.Tests.PrintersViewModelTests.PrinterFileItem_Mapped_Properties" computerName="DESKTOP-NU2PNLJ" duration="00:00:00.0016767" startTime="2026-08-31T04:13:38.6983862+04:00" endTime="2026-08-31T04:13:38.6983871+04:00" testType="13cdc9d9-ddb5-4fa4-a97d-d965ccfc6d4b" outcome="Passed" testListId="8c84fa94-04c1-424b-9868-57a2d4851a1d" relativeResultsDirectory="4edba173-cac0-415a-b921-c1c64ae91bcd" />
    <UnitTestResult executionId="2a2d20fd-befd-4ac0-b63d-995fa2a1b278" testId="8ed5bdbd-c5cc-bff1-86ed-8658670c5abd" testName="CodePrintManager.Application.Tests.PrintersViewModelTests.F3_DeletePrinter_HasPrintingJob_Blocked" computerName="DESKTOP-NU2PNLJ" duration="00:00:00.1442304" startTime="2026-08-31T04:13:48.6545286+04:00" endTime="2026-08-31T04:13:48.6545292+04:00" testType="13cdc9d9-ddb5-4fa4-a97d-d965ccfc6d4b" outcome="Passed" testListId="8c84fa94-04c1-424b-9868-57a2d4851a1d" relativeResultsDirectory="2a2d20fd-befd-4ac0-b63d-995fa2a1b278" />
    <UnitTestResult executionId="119a2c5e-92e5-488a-a4d7-8581e5afae77" testId="98c6d0a4-5825-5241-bf60-b14da3648614" testName="CodePrintManager.Application.Tests.PrintersViewModelTests.ConnectPrinter_CallsConnectionManager" computerName="DESKTOP-NU2PNLJ" duration="00:00:00.2305906" startTime="2026-08-31T04:13:45.1295209+04:00" endTime="2026-08-31T04:13:45.1295213+04:00" testType="13cdc9d9-ddb5-4fa4-a97d-d965ccfc6d4b" outcome="Passed" testListId="8c84fa94-04c1-424b-9868-57a2d4851a1d" relativeResultsDirectory="119a2c5e-92e5-488a-a4d7-8581e5afae77" />
    <UnitTestResult executionId="6ba84d5e-32dd-454f-9f7a-26a2a28f0c74" testId="7040f1f2-dab6-f21d-eb73-eead5abf55e0" testName="CodePrintManager.Application.Tests.PrintersViewModelTests.DisconnectPrinter_WithActiveJobs_Cancelled_StaysConnected" computerName="DESKTOP-NU2PNLJ" duration="00:00:00.1200945" startTime="2026-08-31T04:13:38.6961660+04:00" endTime="2026-08-31T04:13:38.6961665+04:00" testType="13cdc9d9-ddb5-4fa4-a97d-d965ccfc6d4b" outcome="Passed" testListId="8c84fa94-04c1-424b-9868-57a2d4851a1d" relativeResultsDirectory="6ba84d5e-32dd-454f-9f7a-26a2a28f0c74" />
    <UnitTestResult executionId="d8a4f1ed-4dc2-4bba-870f-4059945c9d83" testId="999faf65-881f-1c69-3323-b3f118d28e93" testName="CodePrintManager.Application.Tests.ProductsViewModelTests.AddFolder_EmptyName_DoesNotCreate" computerName="DESKTOP-NU2PNLJ" duration="00:00:00.0022494" startTime="2026-08-31T04:13:38.5900733+04:00" endTime="2026-08-31T04:13:38.5900739+04:00" testType="13cdc9d9-ddb5-4fa4-a97d-d965ccfc6d4b" outcome="Passed" testListId="8c84fa94-04c1-424b-9868-57a2d4851a1d" relativeResultsDirectory="d8a4f1ed-4dc2-4bba-870f-4059945c9d83" />
    <UnitTestResult executionId="32172030-7020-40e4-8796-860b5d152940" testId="c27fd4c9-8ad0-0137-54f9-e5d5b5944de6" testName="CodePrintManager.Application.Tests.PrintersViewModelTests.F5_RefreshStorage_ActiveTemplate_IsProtected" computerName="DESKTOP-NU2PNLJ" duration="00:00:00.2191234" startTime="2026-08-31T04:13:40.2725111+04:00" endTime="2026-08-31T04:13:40.2725116+04:00" testType="13cdc9d9-ddb5-4fa4-a97d-d965ccfc6d4b" outcome="Passed" testListId="8c84fa94-04c1-424b-9868-57a2d4851a1d" relativeResultsDirectory="32172030-7020-40e4-8796-860b5d152940" />
    <UnitTestResult executionId="1a47262a-35ce-4b5e-8ec7-65149734f2bb" testId="db3f1e1d-daec-a4e9-ab49-22bb6ee1434d" testName="CodePrintManager.Application.Tests.ProductsViewModelTests.SelectRootLeaf_AddTargetHint_ShowsRoot" computerName="DESKTOP-NU2PNLJ" duration="00:00:00.0062724" startTime="2026-08-31T04:13:37.9718140+04:00" endTime="2026-08-31T04:13:37.9718146+04:00" testType="13cdc9d9-ddb5-4fa4-a97d-d965ccfc6d4b" outcome="Passed" testListId="8c84fa94-04c1-424b-9868-57a2d4851a1d" relativeResultsDirectory="1a47262a-35ce-4b5e-8ec7-65149734f2bb" />
    <UnitTestResult executionId="f8244c82-bc46-410e-814c-de503cae9a68" testId="755e0891-9707-3a2e-55ab-1056f7253ea1" testName="CodePrintManager.Application.Tests.PrintersViewModelTests.CancelAddPrinter_ClosesFormAndReselectsFirst" computerName="DESKTOP-NU2PNLJ" duration="00:00:00.0081055" startTime="2026-08-31T04:13:38.7223335+04:00" endTime="2026-08-31T04:13:38.7223339+04:00" testType="13cdc9d9-ddb5-4fa4-a97d-d965ccfc6d4b" outcome="Passed" testListId="8c84fa94-04c1-424b-9868-57a2d4851a1d" relativeResultsDirectory="f8244c82-bc46-410e-814c-de503cae9a68" />
    <UnitTestResult executionId="b4eedfa2-f6db-4944-8067-a8e47d18ce3e" testId="df767503-fa3e-d5c7-2766-86fda23ea63e" testName="CodePrintManager.Application.Tests.PrintersViewModelTests.F10_DisconnectCommand_WhenConnected_IsEnabled" computerName="DESKTOP-NU2PNLJ" duration="00:00:00.1128464" startTime="2026-08-31T04:13:47.2375426+04:00" endTime="2026-08-31T04:13:47.2375430+04:00" testType="13cdc9d9-ddb5-4fa4-a97d-d965ccfc6d4b" outcome="Passed" testListId="8c84fa94-04c1-424b-9868-57a2d4851a1d" relativeResultsDirectory="b4eedfa2-f6db-4944-8067-a8e47d18ce3e" />
    <UnitTestResult executionId="39127887-ddec-4231-94ca-29f31ae3c223" testId="62f6b79a-7157-ff8a-7a6b-abb8f6b424aa" testName="CodePrintManager.Application.Tests.ProductsViewModelTests.ActivityHistory_NotLoadedForFolders" computerName="DESKTOP-NU2PNLJ" duration="00:00:00.2173162" startTime="2026-08-31T04:13:41.1649064+04:00" endTime="2026-08-31T04:13:41.1649070+04:00" testType="13cdc9d9-ddb5-4fa4-a97d-d965ccfc6d4b" outcome="Passed" testListId="8c84fa94-04c1-424b-9868-57a2d4851a1d" relativeResultsDirectory="39127887-ddec-4231-94ca-29f31ae3c223" />
    <UnitTestResult executionId="d995e83e-b58d-441f-bdc7-3034b1a7adec" testId="161fda32-7597-2095-0db0-f442ed396203" testName="CodePrintManager.Application.Tests.PrintersViewModelTests.DeleteSelectedFiles_RefreshesAfterDelete" computerName="DESKTOP-NU2PNLJ" duration="00:00:00.3259857" startTime="2026-08-31T04:13:48.1611060+04:00" endTime="2026-08-31T04:13:48.1611068+04:00" testType="13cdc9d9-ddb5-4fa4-a97d-d965ccfc6d4b" outcome="Passed" testListId="8c84fa94-04c1-424b-9868-57a2d4851a1d" relativeResultsDirectory="d995e83e-b58d-441f-bdc7-3034b1a7adec" />
    <UnitTestResult executionId="b90b8996-ee56-4c33-b015-1fc0d5b9d9cb" testId="20daf79f-a33c-7975-73b7-ec59bab8e41a" testName="CodePrintManager.Application.Tests.PrintersViewModelTests.StatusChanged_Event_DifferentPrinter_NoUpdate" computerName="DESKTOP-NU2PNLJ" duration="00:00:00.2319271" startTime="2026-08-31T04:13:48.3948137+04:00" endTime="2026-08-31T04:13:48.3948143+04:00" testType="13cdc9d9-ddb5-4fa4-a97d-d965ccfc6d4b" outcome="Passed" testListId="8c84fa94-04c1-424b-9868-57a2d4851a1d" relativeResultsDirectory="b90b8996-ee56-4c33-b015-1fc0d5b9d9cb" />
    <UnitTestResult executionId="3ea16fa8-f907-45e5-bd03-e4cf97e92083" testId="d40a0b16-9f83-87d5-c180-9a0fedd0de5d" testName="CodePrintManager.Application.Tests.ProductsViewModelTests.ActivityHistory_LoadsCompletedJobsWithPrintedCodes" computerName="DESKTOP-NU2PNLJ" duration="00:00:00.2148384" startTime="2026-08-31T04:13:38.9799384+04:00" endTime="2026-08-31T04:13:38.9799391+04:00" testType="13cdc9d9-ddb5-4fa4-a97d-d965ccfc6d4b" outcome="Passed" testListId="8c84fa94-04c1-424b-9868-57a2d4851a1d" relativeResultsDirectory="3ea16fa8-f907-45e5-bd03-e4cf97e92083" />
    <UnitTestResult executionId="16b9586b-50d0-4540-ad09-a548ad091a72" testId="faa655ac-0c38-536f-2f07-cef970411816" testName="CodePrintManager.Application.Tests.ProductsViewModelTests.SelectionChange_RapidSwitching_DoesNotCrash" computerName="DESKTOP-NU2PNLJ" duration="00:00:00.3288057" startTime="2026-08-31T04:13:43.9312825+04:00" endTime="2026-08-31T04:13:43.9312832+04:00" testType="13cdc9d9-ddb5-4fa4-a97d-d965ccfc6d4b" outcome="Passed" testListId="8c84fa94-04c1-424b-9868-57a2d4851a1d" relativeResultsDirectory="16b9586b-50d0-4540-ad09-a548ad091a72" />
    <UnitTestResult executionId="ebd6fe06-a0e4-444e-a9d1-404b3bd8f70e" testId="bee31806-6e14-dbed-6866-667089116221" testName="CodePrintManager.Application.Tests.ProductsViewModelTests.InitialState_AddTargetHint_ShowsRoot" computerName="DESKTOP-NU2PNLJ" duration="00:00:00.0012285" startTime="2026-08-31T04:13:41.8574389+04:00" endTime="2026-08-31T04:13:41.8574393+04:00" testType="13cdc9d9-ddb5-4fa4-a97d-d965ccfc6d4b" outcome="Passed" testListId="8c84fa94-04c1-424b-9868-57a2d4851a1d" relativeResultsDirectory="ebd6fe06-a0e4-444e-a9d1-404b3bd8f70e" />
    <UnitTestResult executionId="843ea754-fc4c-4c2c-a698-b1d96126d2d8" testId="4f8353c7-99a1-8d0d-1ecb-e1c4b97bbf51" testName="CodePrintManager.Application.Tests.ProductsViewModelTests.AddProduct_FolderSelected_CreatesAsChild" computerName="DESKTOP-NU2PNLJ" duration="00:00:00.0545110" startTime="2026-08-31T04:13:44.1032395+04:00" endTime="2026-08-31T04:13:44.1032399+04:00" testType="13cdc9d9-ddb5-4fa4-a97d-d965ccfc6d4b" outcome="Passed" testListId="8c84fa94-04c1-424b-9868-57a2d4851a1d" relativeResultsDirectory="843ea754-fc4c-4c2c-a698-b1d96126d2d8" />
    <UnitTestResult executionId="d072850e-33ce-453b-bcfb-13b5515d53fc" testId="bd27fb0c-f8d3-8e94-4d66-1014bf2e023b" testName="CodePrintManager.Application.Tests.PrintersViewModelTests.VerifyPrinter_ActiveJob_CounterAhead_Warning" computerName="DESKTOP-NU2PNLJ" duration="00:00:00.9758961" startTime="2026-08-31T04:13:39.8274226+04:00" endTime="2026-08-31T04:13:39.8274231+04:00" testType="13cdc9d9-ddb5-4fa4-a97d-d965ccfc6d4b" outcome="Passed" testListId="8c84fa94-04c1-424b-9868-57a2d4851a1d" relativeResultsDirectory="d072850e-33ce-453b-bcfb-13b5515d53fc" />
    <UnitTestResult executionId="1dba5e0d-cf49-4423-a0e3-374e0bbcc0fe" testId="fb3486b2-b789-6f6a-492d-8cebd5ed2ea4" testName="CodePrintManager.Application.Tests.ProductsViewModelTests.CancelRename_ClearsState" computerName="DESKTOP-NU2PNLJ" duration="00:00:00.0056524" startTime="2026-08-31T04:13:43.1242918+04:00" endTime="2026-08-31T04:13:43.1242922+04:00" testType="13cdc9d9-ddb5-4fa4-a97d-d965ccfc6d4b" outcome="Passed" testListId="8c84fa94-04c1-424b-9868-57a2d4851a1d" relativeResultsDirectory="1dba5e0d-cf49-4423-a0e3-374e0bbcc0fe" />
    <UnitTestResult executionId="af3083e6-fe63-4388-933b-614f393d7d43" testId="c02df8ae-81d0-6e91-5f9e-3a3eb9836c94" testName="CodePrintManager.Application.Tests.ProductsViewModelTests.ActivityHistory_ExcludesJobsWithZeroPrintedCodes" computerName="DESKTOP-NU2PNLJ" duration="00:00:00.2653019" startTime="2026-08-31T04:13:38.3239930+04:00" endTime="2026-08-31T04:13:38.3239938+04:00" testType="13cdc9d9-ddb5-4fa4-a97d-d965ccfc6d4b" outcome="Passed" testListId="8c84fa94-04c1-424b-9868-57a2d4851a1d" relativeResultsDirectory="af3083e6-fe63-4388-933b-614f393d7d43" />
    <UnitTestResult executionId="0cae70c4-f055-4a9a-95e7-00241f026eb9" testId="67d0fa02-379d-e27e-5ea3-69244228c751" testName="CodePrintManager.Application.Tests.PrintersViewModelTests.F1_ConfirmAddPrinter_EmptyName_CommandDisabled" computerName="DESKTOP-NU2PNLJ" duration="00:00:00.0038987" startTime="2026-08-31T04:13:39.9406642+04:00" endTime="2026-08-31T04:13:39.9406647+04:00" testType="13cdc9d9-ddb5-4fa4-a97d-d965ccfc6d4b" outcome="Passed" testListId="8c84fa94-04c1-424b-9868-57a2d4851a1d" relativeResultsDirectory="0cae70c4-f055-4a9a-95e7-00241f026eb9" />
    <UnitTestResult executionId="89be59fb-30c0-4e1c-bf3a-71a86b6f20af" testId="8130d87b-69d3-245d-87ef-ebb7e930f0b3" testName="CodePrintManager.Application.Tests.ProductsViewModelTests.AddFolder_NothingSelected_CreatesAtRoot" computerName="DESKTOP-NU2PNLJ" duration="00:00:00.0027881" startTime="2026-08-31T04:13:41.8666670+04:00" endTime="2026-08-31T04:13:41.8666673+04:00" testType="13cdc9d9-ddb5-4fa4-a97d-d965ccfc6d4b" outcome="Passed" testListId="8c84fa94-04c1-424b-9868-57a2d4851a1d" relativeResultsDirectory="89be59fb-30c0-4e1c-bf3a-71a86b6f20af" />
    <UnitTestResult executionId="29d05bcd-2da8-4d2a-9caa-7e89cf81472d" testId="3529b5a8-3504-f85d-844d-1bb10ed33eac" testName="CodePrintManager.Application.Tests.ProductsViewModelTests.SelectFolder_AddTargetHint_ShowsFolderName" computerName="DESKTOP-NU2PNLJ" duration="00:00:00.0016253" startTime="2026-08-31T04:13:41.6493797+04:00" endTime="2026-08-31T04:13:41.6493803+04:00" testType="13cdc9d9-ddb5-4fa4-a97d-d965ccfc6d4b" outcome="Passed" testListId="8c84fa94-04c1-424b-9868-57a2d4851a1d" relativeResultsDirectory="29d05bcd-2da8-4d2a-9caa-7e89cf81472d" />
    <UnitTestResult executionId="3cd419b8-3aed-457c-8fe5-c44c3a2c50d9" testId="345a18c9-396a-186a-ce67-ac2fdc03b841" testName="CodePrintManager.Application.Tests.PrintersViewModelTests.VerifyPrinter_ActiveJob_NoCsvNameConfigured_Warning" computerName="DESKTOP-NU2PNLJ" duration="00:00:00.1099315" startTime="2026-08-31T04:13:41.6899795+04:00" endTime="2026-08-31T04:13:41.6899799+04:00" testType="13cdc9d9-ddb5-4fa4-a97d-d965ccfc6d4b" outcome="Passed" testListId="8c84fa94-04c1-424b-9868-57a2d4851a1d" relativeResultsDirectory="3cd419b8-3aed-457c-8fe5-c44c3a2c50d9" />
    <UnitTestResult executionId="72bfd5fd-dc2b-417d-8346-866fce0dd4cf" testId="1986fa13-6e4a-e2b2-8168-ea30b5714982" testName="CodePrintManager.Application.Tests.ProductsViewModelTests.CanCreateNewJob_FalseForFolder" computerName="DESKTOP-NU2PNLJ" duration="00:00:00.1140069" startTime="2026-08-31T04:13:40.5699141+04:00" endTime="2026-08-31T04:13:40.5699148+04:00" testType="13cdc9d9-ddb5-4fa4-a97d-d965ccfc6d4b" outcome="Passed" testListId="8c84fa94-04c1-424b-9868-57a2d4851a1d" relativeResultsDirectory="72bfd5fd-dc2b-417d-8346-866fce0dd4cf" />
    <UnitTestResult executionId="5df4a29f-0db8-47b1-808e-0413657e8851" testId="5bd41a2d-d54f-6cd8-fac3-9af12cbbb289" testName="CodePrintManager.Application.Tests.PrintersViewModelTests.PrinterFileItem_MappedAndActive_IsProtected" computerName="DESKTOP-NU2PNLJ" duration="00:00:00.0014404" startTime="2026-08-31T04:13:41.1393661+04:00" endTime="2026-08-31T04:13:41.1393665+04:00" testType="13cdc9d9-ddb5-4fa4-a97d-d965ccfc6d4b" outcome="Passed" testListId="8c84fa94-04c1-424b-9868-57a2d4851a1d" relativeResultsDirectory="5df4a29f-0db8-47b1-808e-0413657e8851" />
    <UnitTestResult executionId="bac0e5ab-ff53-4539-9da6-87fa83b1ff29" testId="e3a345fd-a06c-1897-e3fe-4f6f953655de" testName="CodePrintManager.Application.Tests.PrintersViewModelTests.VerifyPrinter_NoPrinterSelected_CommandDisabled" computerName="DESKTOP-NU2PNLJ" duration="00:00:00.0017760" startTime="2026-08-31T04:13:47.8271370+04:00" endTime="2026-08-31T04:13:47.8271372+04:00" testType="13cdc9d9-ddb5-4fa4-a97d-d965ccfc6d4b" outcome="Passed" testListId="8c84fa94-04c1-424b-9868-57a2d4851a1d" relativeResultsDirectory="bac0e5ab-ff53-4539-9da6-87fa83b1ff29" />
    <UnitTestResult executionId="ef371432-49e9-4851-a6e9-6c54065a54cb" testId="aacae4c4-7690-359d-7ec0-1473e3980c50" testName="CodePrintManager.Application.Tests.ProductsViewModelTests.ActivityHistory_ClearsOnSelectionChange" computerName="DESKTOP-NU2PNLJ" duration="00:00:00.5163783" startTime="2026-08-31T04:13:39.6411190+04:00" endTime="2026-08-31T04:13:39.6411195+04:00" testType="13cdc9d9-ddb5-4fa4-a97d-d965ccfc6d4b" outcome="Passed" testListId="8c84fa94-04c1-424b-9868-57a2d4851a1d" relativeResultsDirectory="ef371432-49e9-4851-a6e9-6c54065a54cb" />
    <UnitTestResult executionId="5b2e6424-fb5d-4ab5-9190-21c24b4662c6" testId="80653330-0dea-534f-f2aa-9cb42f0c6f75" testName="CodePrintManager.Application.Tests.PrintersViewModelTests.DeleteSelectedFiles_DeletesOnlyUnmapped" computerName="DESKTOP-NU2PNLJ" duration="00:00:00.3206254" startTime="2026-08-31T04:13:43.7441398+04:00" endTime="2026-08-31T04:13:43.7441402+04:00" testType="13cdc9d9-ddb5-4fa4-a97d-d965ccfc6d4b" outcome="Passed" testListId="8c84fa94-04c1-424b-9868-57a2d4851a1d" relativeResultsDirectory="5b2e6424-fb5d-4ab5-9190-21c24b4662c6" />
    <UnitTestResult executionId="8e5d1284-c052-468d-87cd-f82db5df730e" testId="9f8d6db9-22b1-dc44-418d-c3fc8fc44e57" testName="CodePrintManager.Application.Tests.PrintersViewModelTests.NewJob_NoPrinterSelected_CommandDisabled" computerName="DESKTOP-NU2PNLJ" duration="00:00:00.0019145" startTime="2026-08-31T04:13:38.8545718+04:00" endTime="2026-08-31T04:13:38.8545720+04:00" testType="13cdc9d9-ddb5-4fa4-a97d-d965ccfc6d4b" outcome="Passed" testListId="8c84fa94-04c1-424b-9868-57a2d4851a1d" relativeResultsDirectory="8e5d1284-c052-468d-87cd-f82db5df730e" />
[...]
    <TestEntry testId="8337dfe2-8439-6dad-c308-01325c399d8a" executionId="d1e490fe-5f58-4b7a-93bd-6b51d50cd333" testListId="8c84fa94-04c1-424b-9868-57a2d4851a1d" />
    <TestEntry testId="9c0fd2dd-1858-146d-cda2-bf78d2a79bb8" executionId="8eb57855-f902-4604-b87b-7f63bd50a05b" testListId="8c84fa94-04c1-424b-9868-57a2d4851a1d" />
    <TestEntry testId="e8ba41db-f59e-27eb-e572-3647da53a68a" executionId="0d95799a-6972-4d60-a0c1-9267b1e305d7" testListId="8c84fa94-04c1-424b-9868-57a2d4851a1d" />
    <TestEntry testId="526f3a79-6cef-f378-127a-90a5424af58d" executionId="1b1e29f4-9fd4-4551-a2c9-3eb8dbd5abfe" testListId="8c84fa94-04c1-424b-9868-57a2d4851a1d" />
    <TestEntry testId="8498d2ce-5760-54eb-4cae-05b884e0f38f" executionId="b13f129e-01fb-4e35-908f-0c74750ed6e2" testListId="8c84fa94-04c1-424b-9868-57a2d4851a1d" />
    <TestEntry testId="a10a92c9-bb76-931e-95f1-f1460be16c3a" executionId="c494d146-862f-4550-9208-6467a8d4bc6d" testListId="8c84fa94-04c1-424b-9868-57a2d4851a1d" />
    <TestEntry testId="78a91252-7c11-24c2-6160-1e2099f7c81b" executionId="f6549d71-5409-473a-bbd8-f8b4924b637f" testListId="8c84fa94-04c1-424b-9868-57a2d4851a1d" />
    <TestEntry testId="bc9bcd09-b347-f36f-281a-d715ea39e786" executionId="23f68a0f-b770-4f72-a0b2-a493586d8118" testListId="8c84fa94-04c1-424b-9868-57a2d4851a1d" />
    <TestEntry testId="10e4e715-3898-3e47-174f-6aa96c7d98d0" executionId="3b39dc45-5c8a-4cf3-b2bf-616e35625703" testListId="8c84fa94-04c1-424b-9868-57a2d4851a1d" />
    <TestEntry testId="9bd489e8-b9f2-8502-751a-f22c6e62d7e5" executionId="53029beb-b4ac-4383-bbff-2a9c3a563d76" testListId="8c84fa94-04c1-424b-9868-57a2d4851a1d" />
    <TestEntry testId="bcf4ce85-c7c9-a681-367f-f904df908e38" executionId="bdeab525-7157-4919-8c17-ffdcb2b67591" testListId="8c84fa94-04c1-424b-9868-57a2d4851a1d" />
    <TestEntry testId="844004df-84aa-2465-056f-1cf54284cb41" executionId="25540ba1-9dcc-427c-a94e-778a1c565d8c" testListId="8c84fa94-04c1-424b-9868-57a2d4851a1d" />
    <TestEntry testId="f7ae19d5-c5d6-b104-85b6-16a87f3ea987" executionId="2b2b8e7f-e8b6-4cdd-b41d-64fa7471cefe" testListId="8c84fa94-04c1-424b-9868-57a2d4851a1d" />
    <TestEntry testId="5dad3803-875d-8c64-baff-a94ac155c8cc" executionId="589a9c71-53dc-45a7-965b-cadbc9d893f9" testListId="8c84fa94-04c1-424b-9868-57a2d4851a1d" />
    <TestEntry testId="823405e0-5b0d-65fd-e36c-1e2402ed4530" executionId="0844f758-34e7-47ea-a69f-6c4600c15778" testListId="8c84fa94-04c1-424b-9868-57a2d4851a1d" />
    <TestEntry testId="a06c55f9-7ffb-eb5a-21d0-44b7b821d243" executionId="365281bd-422b-4600-8e8d-d4c712317f36" testListId="8c84fa94-04c1-424b-9868-57a2d4851a1d" />
    <TestEntry testId="71124193-2b32-cf91-3cd2-8fc36fcfdef6" executionId="3e6443e4-a14d-4a9d-b145-3f4f173982cd" testListId="8c84fa94-04c1-424b-9868-57a2d4851a1d" />
    <TestEntry testId="d8e2bb10-a7ab-8ae0-d629-1622a2badbf7" executionId="3e1a16ef-1f35-4b52-acc3-aae7d2fbf65e" testListId="8c84fa94-04c1-424b-9868-57a2d4851a1d" />
    <TestEntry testId="2b4684f9-fdb8-eefe-fee1-ae2696a78fc1" executionId="9857e72c-0bcf-4f28-9e24-de19680db2d5" testListId="8c84fa94-04c1-424b-9868-57a2d4851a1d" />
    <TestEntry testId="ffb44a52-ed2e-a365-d1da-5634168cbee5" executionId="edf71365-751c-46c5-b8a8-380ae77bc1c9" testListId="8c84fa94-04c1-424b-9868-57a2d4851a1d" />
    <TestEntry testId="53155ad9-f922-bb5a-d76a-240eb1a381c6" executionId="50d463f0-2182-4b26-a764-ab75209f1654" testListId="8c84fa94-04c1-424b-9868-57a2d4851a1d" />
    <TestEntry testId="bfc48912-78ae-b4f6-cec0-2fadc180497e" executionId="dd909e40-1ba1-45c1-bce6-0f4ab779b9f8" testListId="8c84fa94-04c1-424b-9868-57a2d4851a1d" />
    <TestEntry testId="f1118bea-8639-ce9a-75ff-31c9cbb902f5" executionId="e6ca8119-e820-4b12-b411-4ab27153affc" testListId="8c84fa94-04c1-424b-9868-57a2d4851a1d" />
    <TestEntry testId="4d10ecbd-95f0-9623-12ff-bbfadfe7a491" executionId="af1dd1d8-d1f6-463f-b5fd-7778a4a4dc21" testListId="8c84fa94-04c1-424b-9868-57a2d4851a1d" />
    <TestEntry testId="dc757218-db36-d068-4f3f-51309f1e098c" executionId="f5feb993-da53-4d99-b8ff-22497859622f" testListId="8c84fa94-04c1-424b-9868-57a2d4851a1d" />
    <TestEntry testId="c2071f17-d4b8-124b-8204-1054e120372a" executionId="b9bef2c7-9f0e-4838-b8a0-60714c1493eb" testListId="8c84fa94-04c1-424b-9868-57a2d4851a1d" />
    <TestEntry testId="8a197265-7647-3644-ee76-efe80fbe2a99" executionId="083bd00f-da4b-420c-9f1a-dbfcba4704d0" testListId="8c84fa94-04c1-424b-9868-57a2d4851a1d" />
    <TestEntry testId="4770ea9a-1ced-f107-ae50-32e98e3c1869" executionId="02655d86-277a-4a94-8161-9d80dd4186b8" testListId="8c84fa94-04c1-424b-9868-57a2d4851a1d" />
    <TestEntry testId="a5a5c4da-69e0-15e4-9650-8410f880bd29" executionId="06386bac-1fe5-4502-a6a7-c9807abada64" testListId="8c84fa94-04c1-424b-9868-57a2d4851a1d" />
    <TestEntry testId="37b67151-6ead-47c0-7b25-581693055182" executionId="7b0b1246-e15e-48e2-b342-6eab30fe576a" testListId="8c84fa94-04c1-424b-9868-57a2d4851a1d" />
    <TestEntry testId="9f3dd77a-b93c-f4ab-3028-ad53e89d77ac" executionId="c66e6864-f674-4f37-8c65-68b8fad5c2ce" testListId="8c84fa94-04c1-424b-9868-57a2d4851a1d" />
    <TestEntry testId="b9ee0142-3996-7d62-b1de-c92b92486f48" executionId="84c60032-ca93-48a4-837b-681547658c6f" testListId="8c84fa94-04c1-424b-9868-57a2d4851a1d" />
    <TestEntry testId="3a070a95-6e50-9ec1-245e-abab019d625a" executionId="97c7553f-8b64-44a0-b392-a80d795cc42e" testListId="8c84fa94-04c1-424b-9868-57a2d4851a1d" />
    <TestEntry testId="f9bb8f66-cb00-4993-45fe-9c38577dff8d" executionId="8ece4894-9ec4-4c14-8809-9dc7054c67c9" testListId="8c84fa94-04c1-424b-9868-57a2d4851a1d" />
    <TestEntry testId="4cb807b3-d19c-a62f-3fb1-832a895c2353" executionId="179e8689-035a-4a03-bd35-ad9c45ed71f5" testListId="8c84fa94-04c1-424b-9868-57a2d4851a1d" />
    <TestEntry testId="3d7ae771-f99a-e911-d6c8-50c2365caf14" executionId="81cba4e2-c376-406d-8ea4-5ea65d7cddd5" testListId="8c84fa94-04c1-424b-9868-57a2d4851a1d" />
    <TestEntry testId="99fb5e8f-921b-8509-ea95-1f3ab1adca6c" executionId="59578484-cd6a-4d7c-a0a4-537e393c4683" testListId="8c84fa94-04c1-424b-9868-57a2d4851a1d" />
    <TestEntry testId="530a5639-84e2-a9e3-14f6-c3925de34141" executionId="9869d370-98c9-46e7-a234-84824fab5783" testListId="8c84fa94-04c1-424b-9868-57a2d4851a1d" />
    <TestEntry testId="4c560e4c-98b8-70f5-b406-13b2a9b15596" executionId="006af99d-fbe9-4190-95e6-4753b508d260" testListId="8c84fa94-04c1-424b-9868-57a2d4851a1d" />
    <TestEntry testId="5e4397ca-68c8-39d3-4b66-e38fd359814d" executionId="89ea69fc-49e3-4231-bfab-ecdb1cec5cab" testListId="8c84fa94-04c1-424b-9868-57a2d4851a1d" />
    <TestEntry testId="5d37f5de-ff37-6266-ae09-9d53ec9ae5c0" executionId="dbe71000-2c28-4b82-bc57-4c6160cb0800" testListId="8c84fa94-04c1-424b-9868-57a2d4851a1d" />
    <TestEntry testId="fd2574f8-42ea-e318-db1b-dfb6f29c3f5c" executionId="8b383aef-e11b-4c7a-bf3d-8297596fcfdc" testListId="8c84fa94-04c1-424b-9868-57a2d4851a1d" />
    <TestEntry testId="d185609c-a6fc-5caf-4c65-a9b2629c5204" executionId="4c68124d-934f-4b6a-809f-9de7d5e7e4e6" testListId="8c84fa94-04c1-424b-9868-57a2d4851a1d" />
    <TestEntry testId="b83f15d9-72cd-7f19-7118-9c62ff3a5317" executionId="192539cd-b021-42f7-9231-f409897ad732" testListId="8c84fa94-04c1-424b-9868-57a2d4851a1d" />
    <TestEntry testId="2a3e3279-c9b2-95c5-e93b-f5e6e73cf63c" executionId="cb6597c9-192c-4fe7-bad3-3bcae69695e5" testListId="8c84fa94-04c1-424b-9868-57a2d4851a1d" />
    <TestEntry testId="5b8ed83a-29c5-a927-a35e-a58776b67410" executionId="c562a79d-56a9-4929-8dde-687b35755f2d" testListId="8c84fa94-04c1-424b-9868-57a2d4851a1d" />
    <TestEntry testId="a699e2df-ddcc-49b1-191f-48b48bc449a0" executionId="a9b519e0-5cf1-42c0-8b50-ff5d3f97543f" testListId="8c84fa94-04c1-424b-9868-57a2d4851a1d" />
    <TestEntry testId="7b9891ce-b320-8a32-8051-2c0e04ca8eab" executionId="cdc2f21d-295d-4355-a37b-a641f2325e74" testListId="8c84fa94-04c1-424b-9868-57a2d4851a1d" />
    <TestEntry testId="512272e6-f3ad-95a0-cef1-360697c22250" executionId="945f7f6e-b696-47b7-b8af-db1f46d18923" testListId="8c84fa94-04c1-424b-9868-57a2d4851a1d" />
    <TestEntry testId="ecd7b4c6-beb2-cc42-4f45-bba4ce91c41b" executionId="fe7aafce-9a56-4ff5-97f2-bab634ab902f" testListId="8c84fa94-04c1-424b-9868-57a2d4851a1d" />
    <TestEntry testId="072ca761-24a9-83ba-9a7b-bd6fc4ea2e57" executionId="8af68a02-0383-4a60-acd7-8e8f27fb55c1" testListId="8c84fa94-04c1-424b-9868-57a2d4851a1d" />
    <TestEntry testId="f3aff61c-faed-6304-722a-38bde953bf37" executionId="be02287b-a9f8-47e0-bd6f-e787d7fd7d76" testListId="8c84fa94-04c1-424b-9868-57a2d4851a1d" />
    <TestEntry testId="7677b450-e91c-a15b-8f1e-49922f5d8935" executionId="7520c933-42c9-4bf2-b0fd-5108c57e75c7" testListId="8c84fa94-04c1-424b-9868-57a2d4851a1d" />
    <TestEntry testId="21547ea3-3bb9-800c-5b75-71046959bf59" executionId="90451bb8-809c-4958-acb3-c639e4c1a63b" testListId="8c84fa94-04c1-424b-9868-57a2d4851a1d" />
    <TestEntry testId="3ddaca1c-2d65-0f61-f75f-2cd8017a4b52" executionId="01b4ef97-8f26-4c05-905f-348031599890" testListId="8c84fa94-04c1-424b-9868-57a2d4851a1d" />
    <TestEntry testId="7490521e-89ce-21b8-3c51-5188d82a8644" executionId="a8c4227b-a9e3-4a85-93e0-d9bbf4aaf7be" testListId="8c84fa94-04c1-424b-9868-57a2d4851a1d" />
    <TestEntry testId="32c2d51c-9166-5f6c-a2cc-157f9caba158" executionId="2cca3153-d34b-4a1b-b5c9-c881bfee4b37" testListId="8c84fa94-04c1-424b-9868-57a2d4851a1d" />
    <TestEntry testId="2d512b1e-e03b-7015-4929-b7fe6be203de" executionId="9ae2d8a7-682c-4c4a-a34a-282c46e5609b" testListId="8c84fa94-04c1-424b-9868-57a2d4851a1d" />
    <TestEntry testId="148a8fd3-7ca4-42ea-874d-87e2af0b711e" executionId="90ecac1b-48ae-4bf4-87ee-fab82b2de8c3" testListId="8c84fa94-04c1-424b-9868-57a2d4851a1d" />
    <TestEntry testId="9272f98d-eb37-9bc7-398b-840f4d7aee3f" executionId="48ce98ad-c940-463b-a829-8554a4215e34" testListId="8c84fa94-04c1-424b-9868-57a2d4851a1d" />
    <TestEntry testId="2531bac5-00e8-bc40-fc10-16d08cbf34fb" executionId="d6c2af30-9a7b-494b-8c97-65a00c176a76" testListId="8c84fa94-04c1-424b-9868-57a2d4851a1d" />
    <TestEntry testId="1fc317b0-d3b1-845f-ac18-52bf9f966f63" executionId="43bf1b17-fd10-4ef1-ac59-8f5d2968368c" testListId="8c84fa94-04c1-424b-9868-57a2d4851a1d" />
    <TestEntry testId="f07c868f-a620-b4bd-2bd8-375d72083b7a" executionId="97996ef3-4a5f-4af5-8b06-b168de24db89" testListId="8c84fa94-04c1-424b-9868-57a2d4851a1d" />
    <TestEntry testId="152d52ba-3a08-225f-4ee5-0eff99324e33" executionId="4edba173-cac0-415a-b921-c1c64ae91bcd" testListId="8c84fa94-04c1-424b-9868-57a2d4851a1d" />
    <TestEntry testId="8ed5bdbd-c5cc-bff1-86ed-8658670c5abd" executionId="2a2d20fd-befd-4ac0-b63d-995fa2a1b278" testListId="8c84fa94-04c1-424b-9868-57a2d4851a1d" />
    <TestEntry testId="98c6d0a4-5825-5241-bf60-b14da3648614" executionId="119a2c5e-92e5-488a-a4d7-8581e5afae77" testListId="8c84fa94-04c1-424b-9868-57a2d4851a1d" />
    <TestEntry testId="7040f1f2-dab6-f21d-eb73-eead5abf55e0" executionId="6ba84d5e-32dd-454f-9f7a-26a2a28f0c74" testListId="8c84fa94-04c1-424b-9868-57a2d4851a1d" />
    <TestEntry testId="999faf65-881f-1c69-3323-b3f118d28e93" executionId="d8a4f1ed-4dc2-4bba-870f-4059945c9d83" testListId="8c84fa94-04c1-424b-9868-57a2d4851a1d" />
    <TestEntry testId="c27fd4c9-8ad0-0137-54f9-e5d5b5944de6" executionId="32172030-7020-40e4-8796-860b5d152940" testListId="8c84fa94-04c1-424b-9868-57a2d4851a1d" />
    <TestEntry testId="db3f1e1d-daec-a4e9-ab49-22bb6ee1434d" executionId="1a47262a-35ce-4b5e-8ec7-65149734f2bb" testListId="8c84fa94-04c1-424b-9868-57a2d4851a1d" />
    <TestEntry testId="755e0891-9707-3a2e-55ab-1056f7253ea1" executionId="f8244c82-bc46-410e-814c-de503cae9a68" testListId="8c84fa94-04c1-424b-9868-57a2d4851a1d" />
    <TestEntry testId="df767503-fa3e-d5c7-2766-86fda23ea63e" executionId="b4eedfa2-f6db-4944-8067-a8e47d18ce3e" testListId="8c84fa94-04c1-424b-9868-57a2d4851a1d" />
    <TestEntry testId="62f6b79a-7157-ff8a-7a6b-abb8f6b424aa" executionId="39127887-ddec-4231-94ca-29f31ae3c223" testListId="8c84fa94-04c1-424b-9868-57a2d4851a1d" />
    <TestEntry testId="161fda32-7597-2095-0db0-f442ed396203" executionId="d995e83e-b58d-441f-bdc7-3034b1a7adec" testListId="8c84fa94-04c1-424b-9868-57a2d4851a1d" />
    <TestEntry testId="20daf79f-a33c-7975-73b7-ec59bab8e41a" executionId="b90b8996-ee56-4c33-b015-1fc0d5b9d9cb" testListId="8c84fa94-04c1-424b-9868-57a2d4851a1d" />
    <TestEntry testId="d40a0b16-9f83-87d5-c180-9a0fedd0de5d" executionId="3ea16fa8-f907-45e5-bd03-e4cf97e92083" testListId="8c84fa94-04c1-424b-9868-57a2d4851a1d" />
    <TestEntry testId="faa655ac-0c38-536f-2f07-cef970411816" executionId="16b9586b-50d0-4540-ad09-a548ad091a72" testListId="8c84fa94-04c1-424b-9868-57a2d4851a1d" />
    <TestEntry testId="bee31806-6e14-dbed-6866-667089116221" executionId="ebd6fe06-a0e4-444e-a9d1-404b3bd8f70e" testListId="8c84fa94-04c1-424b-9868-57a2d4851a1d" />
    <TestEntry testId="4f8353c7-99a1-8d0d-1ecb-e1c4b97bbf51" executionId="843ea754-fc4c-4c2c-a698-b1d96126d2d8" testListId="8c84fa94-04c1-424b-9868-57a2d4851a1d" />
    <TestEntry testId="bd27fb0c-f8d3-8e94-4d66-1014bf2e023b" executionId="d072850e-33ce-453b-bcfb-13b5515d53fc" testListId="8c84fa94-04c1-424b-9868-57a2d4851a1d" />
    <TestEntry testId="fb3486b2-b789-6f6a-492d-8cebd5ed2ea4" executionId="1dba5e0d-cf49-4423-a0e3-374e0bbcc0fe" testListId="8c84fa94-04c1-424b-9868-57a2d4851a1d" />
    <TestEntry testId="c02df8ae-81d0-6e91-5f9e-3a3eb9836c94" executionId="af3083e6-fe63-4388-933b-614f393d7d43" testListId="8c84fa94-04c1-424b-9868-57a2d4851a1d" />
    <TestEntry testId="67d0fa02-379d-e27e-5ea3-69244228c751" executionId="0cae70c4-f055-4a9a-95e7-00241f026eb9" testListId="8c84fa94-04c1-424b-9868-57a2d4851a1d" />
    <TestEntry testId="8130d87b-69d3-245d-87ef-ebb7e930f0b3" executionId="89be59fb-30c0-4e1c-bf3a-71a86b6f20af" testListId="8c84fa94-04c1-424b-9868-57a2d4851a1d" />
    <TestEntry testId="3529b5a8-3504-f85d-844d-1bb10ed33eac" executionId="29d05bcd-2da8-4d2a-9caa-7e89cf81472d" testListId="8c84fa94-04c1-424b-9868-57a2d4851a1d" />
    <TestEntry testId="345a18c9-396a-186a-ce67-ac2fdc03b841" executionId="3cd419b8-3aed-457c-8fe5-c44c3a2c50d9" testListId="8c84fa94-04c1-424b-9868-57a2d4851a1d" />
    <TestEntry testId="1986fa13-6e4a-e2b2-8168-ea30b5714982" executionId="72bfd5fd-dc2b-417d-8346-866fce0dd4cf" testListId="8c84fa94-04c1-424b-9868-57a2d4851a1d" />
    <TestEntry testId="5bd41a2d-d54f-6cd8-fac3-9af12cbbb289" executionId="5df4a29f-0db8-47b1-808e-0413657e8851" testListId="8c84fa94-04c1-424b-9868-57a2d4851a1d" />
    <TestEntry testId="e3a345fd-a06c-1897-e3fe-4f6f953655de" executionId="bac0e5ab-ff53-4539-9da6-87fa83b1ff29" testListId="8c84fa94-04c1-424b-9868-57a2d4851a1d" />
    <TestEntry testId="aacae4c4-7690-359d-7ec0-1473e3980c50" executionId="ef371432-49e9-4851-a6e9-6c54065a54cb" testListId="8c84fa94-04c1-424b-9868-57a2d4851a1d" />
    <TestEntry testId="80653330-0dea-534f-f2aa-9cb42f0c6f75" executionId="5b2e6424-fb5d-4ab5-9190-21c24b4662c6" testListId="8c84fa94-04c1-424b-9868-57a2d4851a1d" />
    <TestEntry testId="9f8d6db9-22b1-dc44-418d-c3fc8fc44e57" executionId="8e5d1284-c052-468d-87cd-f82db5df730e" testListId="8c84fa94-04c1-424b-9868-57a2d4851a1d" />
    <TestEntry testId="f180c8df-9e84-30f9-5642-6c5252c56b4a" executionId="c144522b-42f6-4401-a838-e612f35d6f89" testListId="8c84fa94-04c1-424b-9868-57a2d4851a1d" />
    <TestEntry testId="9581a2c7-bf5a-15f2-689e-d6828b2aadec" executionId="9681aec9-1368-41d6-83ca-d82ea394ec58" testListId="8c84fa94-04c1-424b-9868-57a2d4851a1d" />
    <TestEntry testId="ddb0716b-2d16-c207-c848-1260ea1b8475" executionId="b660bb1c-a7ec-40c4-ad3f-4b06a1be557a" testListId="8c84fa94-04c1-424b-9868-57a2d4851a1d" />
    <TestEntry testId="b6d21fd3-3981-c804-f745-ed3d6cab3848" executionId="bfe73245-60c6-428e-935b-092b0685d2bb" testListId="8c84fa94-04c1-424b-9868-57a2d4851a1d" />
    <TestEntry testId="ed5ce48a-1bb3-c943-90db-0982bb50faef" executionId="84e630cc-6591-4934-8669-e5e187a64335" testListId="8c84fa94-04c1-424b-9868-57a2d4851a1d" />
    <TestEntry testId="79f38e41-8be0-4a87-894f-26c2f770009a" executionId="d8ddebaf-bcbd-4176-98cd-a751bcc204de" testListId="8c84fa94-04c1-424b-9868-57a2d4851a1d" />
    <TestEntry testId="c9775743-53b8-b5d1-b092-1d2de0a16c55" executionId="0140d6b6-9222-4b3e-9ef3-8b03705d0197" testListId="8c84fa94-04c1-424b-9868-57a2d4851a1d" />
    <TestEntry testId="1b2ff095-d9ae-6f9d-fa17-37663a8998ec" executionId="120b77d9-806c-4990-9c8a-63abcea814ea" testListId="8c84fa94-04c1-424b-9868-57a2d4851a1d" />
    <TestEntry testId="5f0cba37-e676-b69e-8e4f-a6a5ae347ba8" executionId="ee247a81-6486-40b7-8d5c-65280ce4e4c8" testListId="8c84fa94-04c1-424b-9868-57a2d4851a1d" />
    <TestEntry testId="9872c6f2-c5d1-8ce8-2212-3e3d25b547e2" executionId="0dfe3ddc-00ee-41e6-b0bd-5f11f4b87011" testListId="8c84fa94-04c1-424b-9868-57a2d4851a1d" />
    <TestEntry testId="db9ba6fe-6328-60a9-f73d-21d20c8c3564" executionId="85aec1f3-3e4a-424e-8073-884e7b87dd2e" testListId="8c84fa94-04c1-424b-9868-57a2d4851a1d" />
    <TestEntry testId="c0129ee8-e72a-cb19-0b7e-e3a539cb5ab7" executionId="13aa3d05-fc09-472d-8099-38a3caa47aaa" testListId="8c84fa94-04c1-424b-9868-57a2d4851a1d" />
    <TestEntry testId="88fa4241-5e42-3e8d-c721-da36094bec68" executionId="37458374-a777-47f1-9ae9-8bd03785871b" testListId="8c84fa94-04c1-424b-9868-57a2d4851a1d" />
    <TestEntry testId="2a2f0ccf-907a-d135-67f0-f8878f4bf6af" executionId="25028570-105e-44f1-8b70-31b8e6054a5f" testListId="8c84fa94-04c1-424b-9868-57a2d4851a1d" />
    <TestEntry testId="0c6c7fdf-9f73-56e7-ff30-b45cfadc284a" executionId="5f132d45-bcde-44f4-afb5-781b3ee90217" testListId="8c84fa94-04c1-424b-9868-57a2d4851a1d" />
    <TestEntry testId="ce1e3d24-38f0-be1a-6cf7-544af68ad1d0" executionId="2252564a-00e5-4533-8552-d4d2601d3330" testListId="8c84fa94-04c1-424b-9868-57a2d4851a1d" />
    <TestEntry testId="46200ebd-600c-b4e5-58aa-fef632dfc00c" executionId="8a2d3ecf-e038-40ae-b8d8-00256c7aaa87" testListId="8c84fa94-04c1-424b-9868-57a2d4851a1d" />
    <TestEntry testId="dec8c1d8-e0b4-ab39-0bcb-d25d89c485bd" executionId="3cf66984-f057-4f8a-8311-400a0cfd5c4d" testListId="8c84fa94-04c1-424b-9868-57a2d4851a1d" />
    <TestEntry testId="4fbe18d3-0dcb-4230-736f-bc7c9b7a295f" executionId="822e1334-0948-44c9-8f4d-4c2d395e6c3a" testListId="8c84fa94-04c1-424b-9868-57a2d4851a1d" />
    <TestEntry testId="fc9536b1-7f0b-8cb0-b30c-88a9e0806b4a" executionId="68dc4c3c-3e9f-446d-9ed5-80284e0acfa2" testListId="8c84fa94-04c1-424b-9868-57a2d4851a1d" />
    <TestEntry testId="135f4fcb-e601-3f76-fd82-032a5dbdb236" executionId="8eef3f3e-f879-4063-8652-f611e6e6a130" testListId="8c84fa94-04c1-424b-9868-57a2d4851a1d" />
    <TestEntry testId="0ed29d4a-a0c8-421d-e782-1a05b262577d" executionId="ad54e496-d272-4fe2-851b-a43efa43f19b" testListId="8c84fa94-04c1-424b-9868-57a2d4851a1d" />
    <TestEntry testId="547099f7-f2e6-82be-9938-cac77a1ac715" executionId="e740ca93-eaec-453b-9ffe-839b87a2462a" testListId="8c84fa94-04c1-424b-9868-57a2d4851a1d" />
  </TestEntries>
  <TestLists>
    <TestList name="Results Not in a List" id="8c84fa94-04c1-424b-9868-57a2d4851a1d" />
    <TestList name="All Loaded Results" id="19431567-8539-422a-85d7-44ee4e166bda" />
  </TestLists>
  <ResultSummary outcome="Completed">
    <Counters total="165" executed="165" passed="165" failed="0" error="0" timeout="0" aborted="0" inconclusive="0" passedButRunAborted="0" notRunnable="0" notExecuted="0" disconnected="0" warning="0" completed="0" inProgress="0" pending="0" />
    <Output>
      <StdOut>[xUnit.net 00:00:00.00] xUnit.net VSTest Adapter v2.5.3.1+6b60a9e56a (64-bit .NET 8.0.29)&#xD;
[xUnit.net 00:00:00.38]   Discovering: CodePrintManager.Application.Tests&#xD;
[xUnit.net 00:00:00.66]   Discovered:  CodePrintManager.Application.Tests&#xD;
[xUnit.net 00:00:00.67]   Starting:    CodePrintManager.Application.Tests&#xD;
[xUnit.net 00:00:17.10]   Finished:    CodePrintManager.Application.Tests&#xD;
</StdOut>
    </Output>
  </ResultSummary>
</TestRun>