<?xml version="1.0" encoding="utf-8"?>
<TestRun id="4d367796-8a0d-4088-9b26-37a8ecec45c7" name="Vahe@DESKTOP-NU2PNLJ 2026-08-31 03:56:40" runUser="DESKTOP-NU2PNLJ\Vahe" xmlns="http://microsoft.com/schemas/VisualStudio/TeamTest/2010">
  <Times creation="2026-08-31T03:56:40.4798639+04:00" queuing="2026-08-31T03:56:40.4798644+04:00" start="2026-08-31T03:56:38.6081642+04:00" finish="2026-08-31T03:56:40.4809337+04:00" />
  <TestSettings name="default" id="cc8e0c0c-d07b-453e-aa29-9bb9d2cc6a3e">
    <Deployment runDeploymentRoot="Vahe_DESKTOP-NU2PNLJ_2026-08-31_03_56_40" />
  </TestSettings>
  <TestLists>
    <TestList name="Results Not in a List" id="8c84fa94-04c1-424b-9868-57a2d4851a1d" />
    <TestList name="All Loaded Results" id="19431567-8539-422a-85d7-44ee4e166bda" />
  </TestLists>
  <ResultSummary outcome="Completed">
    <Counters total="0" executed="0" passed="0" failed="0" error="0" timeout="0" aborted="0" inconclusive="0" passedButRunAborted="0" notRunnable="0" notExecuted="0" disconnected="0" warning="0" completed="0" inProgress="0" pending="0" />
    <Output>
      <StdOut>[xUnit.net 00:00:00.00] xUnit.net VSTest Adapter v2.5.3.1+6b60a9e56a (64-bit .NET 8.0.29)&#xD;
[xUnit.net 00:00:00.21]   Discovering: CodePrintManager.Domain.Tests&#xD;
[xUnit.net 00:00:00.35]   Discovered:  CodePrintManager.Domain.Tests&#xD;
[xUnit.net 00:00:00.36]   Starting:    CodePrintManager.Domain.Tests&#xD;
[xUnit.net 00:00:00.52]   Finished:    CodePrintManager.Domain.Tests&#xD;
</StdOut>
    </Output>
    <RunInfos>
      <RunInfo computerName="DESKTOP-NU2PNLJ" outcome="Warning" timestamp="2026-08-31T03:56:40.2327842+04:00">
        <Text>No test matches the given testcase filter `FullyQualifiedName~Integration.Tests&amp;Category!=Slow` in C:\Users\Vahe\CascadeProjects\datamatrix-print-service\application\tests\CodePrintManager.Domain.Tests\bin\Debug\net8.0\CodePrintManager.Domain.Tests.dll</Text>
      </RunInfo>
    </RunInfos>
  </ResultSummary>
</TestRun>